   1               		.file	"USBTask.c"
   2               	__SREG__ = 0x3f
   3               	__SP_H__ = 0x3e
   4               	__SP_L__ = 0x3d
   5               	__CCP__ = 0x34
   6               	__tmp_reg__ = 0
   7               	__zero_reg__ = 1
   8               		.global __do_copy_data
   9               		.global __do_clear_bss
  10               		.text
  11               	.Ltext0:
  12               		.cfi_sections	.debug_frame
  13               		.section	.text.USB_USBTask,"ax",@progbits
  14               	.global	USB_USBTask
  16               	USB_USBTask:
  17               	.LFB81:
  18               		.file 1 "../../LUFA-Libs/Arduino_LUFA_Bootloader/LUFA/Drivers/USB/Core/USBTask.c"
   1:../../LUFA-Libs/Arduino_LUFA_Bootloader/LUFA/Drivers/USB/Core/USBTask.c **** /*
   2:../../LUFA-Libs/Arduino_LUFA_Bootloader/LUFA/Drivers/USB/Core/USBTask.c ****              LUFA Library
   3:../../LUFA-Libs/Arduino_LUFA_Bootloader/LUFA/Drivers/USB/Core/USBTask.c ****      Copyright (C) Dean Camera, 2011.
   4:../../LUFA-Libs/Arduino_LUFA_Bootloader/LUFA/Drivers/USB/Core/USBTask.c **** 
   5:../../LUFA-Libs/Arduino_LUFA_Bootloader/LUFA/Drivers/USB/Core/USBTask.c ****   dean [at] fourwalledcubicle [dot] com
   6:../../LUFA-Libs/Arduino_LUFA_Bootloader/LUFA/Drivers/USB/Core/USBTask.c ****            www.lufa-lib.org
   7:../../LUFA-Libs/Arduino_LUFA_Bootloader/LUFA/Drivers/USB/Core/USBTask.c **** */
   8:../../LUFA-Libs/Arduino_LUFA_Bootloader/LUFA/Drivers/USB/Core/USBTask.c **** 
   9:../../LUFA-Libs/Arduino_LUFA_Bootloader/LUFA/Drivers/USB/Core/USBTask.c **** /*
  10:../../LUFA-Libs/Arduino_LUFA_Bootloader/LUFA/Drivers/USB/Core/USBTask.c ****   Copyright 2011  Dean Camera (dean [at] fourwalledcubicle [dot] com)
  11:../../LUFA-Libs/Arduino_LUFA_Bootloader/LUFA/Drivers/USB/Core/USBTask.c **** 
  12:../../LUFA-Libs/Arduino_LUFA_Bootloader/LUFA/Drivers/USB/Core/USBTask.c ****   Permission to use, copy, modify, distribute, and sell this
  13:../../LUFA-Libs/Arduino_LUFA_Bootloader/LUFA/Drivers/USB/Core/USBTask.c ****   software and its documentation for any purpose is hereby granted
  14:../../LUFA-Libs/Arduino_LUFA_Bootloader/LUFA/Drivers/USB/Core/USBTask.c ****   without fee, provided that the above copyright notice appear in
  15:../../LUFA-Libs/Arduino_LUFA_Bootloader/LUFA/Drivers/USB/Core/USBTask.c ****   all copies and that both that the copyright notice and this
  16:../../LUFA-Libs/Arduino_LUFA_Bootloader/LUFA/Drivers/USB/Core/USBTask.c ****   permission notice and warranty disclaimer appear in supporting
  17:../../LUFA-Libs/Arduino_LUFA_Bootloader/LUFA/Drivers/USB/Core/USBTask.c ****   documentation, and that the name of the author not be used in
  18:../../LUFA-Libs/Arduino_LUFA_Bootloader/LUFA/Drivers/USB/Core/USBTask.c ****   advertising or publicity pertaining to distribution of the
  19:../../LUFA-Libs/Arduino_LUFA_Bootloader/LUFA/Drivers/USB/Core/USBTask.c ****   software without specific, written prior permission.
  20:../../LUFA-Libs/Arduino_LUFA_Bootloader/LUFA/Drivers/USB/Core/USBTask.c **** 
  21:../../LUFA-Libs/Arduino_LUFA_Bootloader/LUFA/Drivers/USB/Core/USBTask.c ****   The author disclaim all warranties with regard to this
  22:../../LUFA-Libs/Arduino_LUFA_Bootloader/LUFA/Drivers/USB/Core/USBTask.c ****   software, including all implied warranties of merchantability
  23:../../LUFA-Libs/Arduino_LUFA_Bootloader/LUFA/Drivers/USB/Core/USBTask.c ****   and fitness.  In no event shall the author be liable for any
  24:../../LUFA-Libs/Arduino_LUFA_Bootloader/LUFA/Drivers/USB/Core/USBTask.c ****   special, indirect or consequential damages or any damages
  25:../../LUFA-Libs/Arduino_LUFA_Bootloader/LUFA/Drivers/USB/Core/USBTask.c ****   whatsoever resulting from loss of use, data or profits, whether
  26:../../LUFA-Libs/Arduino_LUFA_Bootloader/LUFA/Drivers/USB/Core/USBTask.c ****   in an action of contract, negligence or other tortious action,
  27:../../LUFA-Libs/Arduino_LUFA_Bootloader/LUFA/Drivers/USB/Core/USBTask.c ****   arising out of or in connection with the use or performance of
  28:../../LUFA-Libs/Arduino_LUFA_Bootloader/LUFA/Drivers/USB/Core/USBTask.c ****   this software.
  29:../../LUFA-Libs/Arduino_LUFA_Bootloader/LUFA/Drivers/USB/Core/USBTask.c **** */
  30:../../LUFA-Libs/Arduino_LUFA_Bootloader/LUFA/Drivers/USB/Core/USBTask.c **** 
  31:../../LUFA-Libs/Arduino_LUFA_Bootloader/LUFA/Drivers/USB/Core/USBTask.c **** #define  __INCLUDE_FROM_USBTASK_C
  32:../../LUFA-Libs/Arduino_LUFA_Bootloader/LUFA/Drivers/USB/Core/USBTask.c **** #define  __INCLUDE_FROM_USB_DRIVER
  33:../../LUFA-Libs/Arduino_LUFA_Bootloader/LUFA/Drivers/USB/Core/USBTask.c **** #include "USBTask.h"
  34:../../LUFA-Libs/Arduino_LUFA_Bootloader/LUFA/Drivers/USB/Core/USBTask.c **** 
  35:../../LUFA-Libs/Arduino_LUFA_Bootloader/LUFA/Drivers/USB/Core/USBTask.c **** volatile bool        USB_IsInitialized;
  36:../../LUFA-Libs/Arduino_LUFA_Bootloader/LUFA/Drivers/USB/Core/USBTask.c **** USB_Request_Header_t USB_ControlRequest;
  37:../../LUFA-Libs/Arduino_LUFA_Bootloader/LUFA/Drivers/USB/Core/USBTask.c **** 
  38:../../LUFA-Libs/Arduino_LUFA_Bootloader/LUFA/Drivers/USB/Core/USBTask.c **** #if defined(USB_CAN_BE_HOST) && !defined(HOST_STATE_AS_GPIOR)
  39:../../LUFA-Libs/Arduino_LUFA_Bootloader/LUFA/Drivers/USB/Core/USBTask.c **** volatile uint8_t     USB_HostState;
  40:../../LUFA-Libs/Arduino_LUFA_Bootloader/LUFA/Drivers/USB/Core/USBTask.c **** #endif
  41:../../LUFA-Libs/Arduino_LUFA_Bootloader/LUFA/Drivers/USB/Core/USBTask.c **** 
  42:../../LUFA-Libs/Arduino_LUFA_Bootloader/LUFA/Drivers/USB/Core/USBTask.c **** #if defined(USB_CAN_BE_DEVICE) && !defined(DEVICE_STATE_AS_GPIOR)
  43:../../LUFA-Libs/Arduino_LUFA_Bootloader/LUFA/Drivers/USB/Core/USBTask.c **** volatile uint8_t     USB_DeviceState;
  44:../../LUFA-Libs/Arduino_LUFA_Bootloader/LUFA/Drivers/USB/Core/USBTask.c **** #endif
  45:../../LUFA-Libs/Arduino_LUFA_Bootloader/LUFA/Drivers/USB/Core/USBTask.c **** 
  46:../../LUFA-Libs/Arduino_LUFA_Bootloader/LUFA/Drivers/USB/Core/USBTask.c **** void USB_USBTask(void)
  47:../../LUFA-Libs/Arduino_LUFA_Bootloader/LUFA/Drivers/USB/Core/USBTask.c **** {
  19               		.loc 1 47 0
  20               		.cfi_startproc
  21 0000 CF93      		push r28
  22               	.LCFI0:
  23               		.cfi_def_cfa_offset 3
  24               		.cfi_offset 28, -2
  25               	/* prologue: function */
  26               	/* frame size = 0 */
  27               	/* stack size = 1 */
  28               	.L__stack_usage = 1
  29               	.LBB22:
  30               	.LBB23:
  48:../../LUFA-Libs/Arduino_LUFA_Bootloader/LUFA/Drivers/USB/Core/USBTask.c **** 	#if defined(USB_HOST_ONLY)
  49:../../LUFA-Libs/Arduino_LUFA_Bootloader/LUFA/Drivers/USB/Core/USBTask.c **** 		USB_HostTask();
  50:../../LUFA-Libs/Arduino_LUFA_Bootloader/LUFA/Drivers/USB/Core/USBTask.c **** 	#elif defined(USB_DEVICE_ONLY)
  51:../../LUFA-Libs/Arduino_LUFA_Bootloader/LUFA/Drivers/USB/Core/USBTask.c **** 		USB_DeviceTask();
  52:../../LUFA-Libs/Arduino_LUFA_Bootloader/LUFA/Drivers/USB/Core/USBTask.c **** 	#else
  53:../../LUFA-Libs/Arduino_LUFA_Bootloader/LUFA/Drivers/USB/Core/USBTask.c **** 		if (USB_CurrentMode == USB_MODE_Device)
  54:../../LUFA-Libs/Arduino_LUFA_Bootloader/LUFA/Drivers/USB/Core/USBTask.c **** 		  USB_DeviceTask();
  55:../../LUFA-Libs/Arduino_LUFA_Bootloader/LUFA/Drivers/USB/Core/USBTask.c **** 		else if (USB_CurrentMode == USB_MODE_Host)
  56:../../LUFA-Libs/Arduino_LUFA_Bootloader/LUFA/Drivers/USB/Core/USBTask.c **** 		  USB_HostTask();
  57:../../LUFA-Libs/Arduino_LUFA_Bootloader/LUFA/Drivers/USB/Core/USBTask.c **** 	#endif
  58:../../LUFA-Libs/Arduino_LUFA_Bootloader/LUFA/Drivers/USB/Core/USBTask.c **** }
  59:../../LUFA-Libs/Arduino_LUFA_Bootloader/LUFA/Drivers/USB/Core/USBTask.c **** 
  60:../../LUFA-Libs/Arduino_LUFA_Bootloader/LUFA/Drivers/USB/Core/USBTask.c **** #if defined(USB_CAN_BE_DEVICE)
  61:../../LUFA-Libs/Arduino_LUFA_Bootloader/LUFA/Drivers/USB/Core/USBTask.c **** static void USB_DeviceTask(void)
  62:../../LUFA-Libs/Arduino_LUFA_Bootloader/LUFA/Drivers/USB/Core/USBTask.c **** {
  63:../../LUFA-Libs/Arduino_LUFA_Bootloader/LUFA/Drivers/USB/Core/USBTask.c **** 	if (USB_DeviceState != DEVICE_STATE_Unattached)
  31               		.loc 1 63 0
  32 0002 8EB3      		in r24,62-32
  33 0004 8823      		tst r24
  34 0006 01F0      		breq .L1
  35               	.LBB24:
  36               	.LBB25:
  37               	.LBB26:
  38               		.file 2 "../../LUFA-Libs/Arduino_LUFA_Bootloader/LUFA/Drivers/USB/Core/AVR8/../AVR8/Endpoint_AVR8.
   1:../../LUFA-Libs/Arduino_LUFA_Bootloader/LUFA/Drivers/USB/Core/AVR8/../AVR8/Endpoint_AVR8.h **** /*
   2:../../LUFA-Libs/Arduino_LUFA_Bootloader/LUFA/Drivers/USB/Core/AVR8/../AVR8/Endpoint_AVR8.h ****              LUFA Library
   3:../../LUFA-Libs/Arduino_LUFA_Bootloader/LUFA/Drivers/USB/Core/AVR8/../AVR8/Endpoint_AVR8.h ****      Copyright (C) Dean Camera, 2011.
   4:../../LUFA-Libs/Arduino_LUFA_Bootloader/LUFA/Drivers/USB/Core/AVR8/../AVR8/Endpoint_AVR8.h **** 
   5:../../LUFA-Libs/Arduino_LUFA_Bootloader/LUFA/Drivers/USB/Core/AVR8/../AVR8/Endpoint_AVR8.h ****   dean [at] fourwalledcubicle [dot] com
   6:../../LUFA-Libs/Arduino_LUFA_Bootloader/LUFA/Drivers/USB/Core/AVR8/../AVR8/Endpoint_AVR8.h ****            www.lufa-lib.org
   7:../../LUFA-Libs/Arduino_LUFA_Bootloader/LUFA/Drivers/USB/Core/AVR8/../AVR8/Endpoint_AVR8.h **** */
   8:../../LUFA-Libs/Arduino_LUFA_Bootloader/LUFA/Drivers/USB/Core/AVR8/../AVR8/Endpoint_AVR8.h **** 
   9:../../LUFA-Libs/Arduino_LUFA_Bootloader/LUFA/Drivers/USB/Core/AVR8/../AVR8/Endpoint_AVR8.h **** /*
  10:../../LUFA-Libs/Arduino_LUFA_Bootloader/LUFA/Drivers/USB/Core/AVR8/../AVR8/Endpoint_AVR8.h ****   Copyright 2011  Dean Camera (dean [at] fourwalledcubicle [dot] com)
  11:../../LUFA-Libs/Arduino_LUFA_Bootloader/LUFA/Drivers/USB/Core/AVR8/../AVR8/Endpoint_AVR8.h **** 
  12:../../LUFA-Libs/Arduino_LUFA_Bootloader/LUFA/Drivers/USB/Core/AVR8/../AVR8/Endpoint_AVR8.h ****   Permission to use, copy, modify, distribute, and sell this
  13:../../LUFA-Libs/Arduino_LUFA_Bootloader/LUFA/Drivers/USB/Core/AVR8/../AVR8/Endpoint_AVR8.h ****   software and its documentation for any purpose is hereby granted
  14:../../LUFA-Libs/Arduino_LUFA_Bootloader/LUFA/Drivers/USB/Core/AVR8/../AVR8/Endpoint_AVR8.h ****   without fee, provided that the above copyright notice appear in
  15:../../LUFA-Libs/Arduino_LUFA_Bootloader/LUFA/Drivers/USB/Core/AVR8/../AVR8/Endpoint_AVR8.h ****   all copies and that both that the copyright notice and this
  16:../../LUFA-Libs/Arduino_LUFA_Bootloader/LUFA/Drivers/USB/Core/AVR8/../AVR8/Endpoint_AVR8.h ****   permission notice and warranty disclaimer appear in supporting
  17:../../LUFA-Libs/Arduino_LUFA_Bootloader/LUFA/Drivers/USB/Core/AVR8/../AVR8/Endpoint_AVR8.h ****   documentation, and that the name of the author not be used in
  18:../../LUFA-Libs/Arduino_LUFA_Bootloader/LUFA/Drivers/USB/Core/AVR8/../AVR8/Endpoint_AVR8.h ****   advertising or publicity pertaining to distribution of the
  19:../../LUFA-Libs/Arduino_LUFA_Bootloader/LUFA/Drivers/USB/Core/AVR8/../AVR8/Endpoint_AVR8.h ****   software without specific, written prior permission.
  20:../../LUFA-Libs/Arduino_LUFA_Bootloader/LUFA/Drivers/USB/Core/AVR8/../AVR8/Endpoint_AVR8.h **** 
  21:../../LUFA-Libs/Arduino_LUFA_Bootloader/LUFA/Drivers/USB/Core/AVR8/../AVR8/Endpoint_AVR8.h ****   The author disclaim all warranties with regard to this
  22:../../LUFA-Libs/Arduino_LUFA_Bootloader/LUFA/Drivers/USB/Core/AVR8/../AVR8/Endpoint_AVR8.h ****   software, including all implied warranties of merchantability
  23:../../LUFA-Libs/Arduino_LUFA_Bootloader/LUFA/Drivers/USB/Core/AVR8/../AVR8/Endpoint_AVR8.h ****   and fitness.  In no event shall the author be liable for any
  24:../../LUFA-Libs/Arduino_LUFA_Bootloader/LUFA/Drivers/USB/Core/AVR8/../AVR8/Endpoint_AVR8.h ****   special, indirect or consequential damages or any damages
  25:../../LUFA-Libs/Arduino_LUFA_Bootloader/LUFA/Drivers/USB/Core/AVR8/../AVR8/Endpoint_AVR8.h ****   whatsoever resulting from loss of use, data or profits, whether
  26:../../LUFA-Libs/Arduino_LUFA_Bootloader/LUFA/Drivers/USB/Core/AVR8/../AVR8/Endpoint_AVR8.h ****   in an action of contract, negligence or other tortious action,
  27:../../LUFA-Libs/Arduino_LUFA_Bootloader/LUFA/Drivers/USB/Core/AVR8/../AVR8/Endpoint_AVR8.h ****   arising out of or in connection with the use or performance of
  28:../../LUFA-Libs/Arduino_LUFA_Bootloader/LUFA/Drivers/USB/Core/AVR8/../AVR8/Endpoint_AVR8.h ****   this software.
  29:../../LUFA-Libs/Arduino_LUFA_Bootloader/LUFA/Drivers/USB/Core/AVR8/../AVR8/Endpoint_AVR8.h **** */
  30:../../LUFA-Libs/Arduino_LUFA_Bootloader/LUFA/Drivers/USB/Core/AVR8/../AVR8/Endpoint_AVR8.h **** 
  31:../../LUFA-Libs/Arduino_LUFA_Bootloader/LUFA/Drivers/USB/Core/AVR8/../AVR8/Endpoint_AVR8.h **** /** \file
  32:../../LUFA-Libs/Arduino_LUFA_Bootloader/LUFA/Drivers/USB/Core/AVR8/../AVR8/Endpoint_AVR8.h ****  *  \brief USB Endpoint definitions for the AVR8 microcontrollers.
  33:../../LUFA-Libs/Arduino_LUFA_Bootloader/LUFA/Drivers/USB/Core/AVR8/../AVR8/Endpoint_AVR8.h ****  *  \copydetails Group_EndpointManagement_AVR8
  34:../../LUFA-Libs/Arduino_LUFA_Bootloader/LUFA/Drivers/USB/Core/AVR8/../AVR8/Endpoint_AVR8.h ****  *
  35:../../LUFA-Libs/Arduino_LUFA_Bootloader/LUFA/Drivers/USB/Core/AVR8/../AVR8/Endpoint_AVR8.h ****  *  \note This file should not be included directly. It is automatically included as needed by the 
  36:../../LUFA-Libs/Arduino_LUFA_Bootloader/LUFA/Drivers/USB/Core/AVR8/../AVR8/Endpoint_AVR8.h ****  *        dispatch header located in LUFA/Drivers/USB/USB.h.
  37:../../LUFA-Libs/Arduino_LUFA_Bootloader/LUFA/Drivers/USB/Core/AVR8/../AVR8/Endpoint_AVR8.h ****  */
  38:../../LUFA-Libs/Arduino_LUFA_Bootloader/LUFA/Drivers/USB/Core/AVR8/../AVR8/Endpoint_AVR8.h **** 
  39:../../LUFA-Libs/Arduino_LUFA_Bootloader/LUFA/Drivers/USB/Core/AVR8/../AVR8/Endpoint_AVR8.h **** /** \ingroup Group_EndpointRW
  40:../../LUFA-Libs/Arduino_LUFA_Bootloader/LUFA/Drivers/USB/Core/AVR8/../AVR8/Endpoint_AVR8.h ****  *  \defgroup Group_EndpointRW_AVR8 Endpoint Data Reading and Writing (AVR8)
  41:../../LUFA-Libs/Arduino_LUFA_Bootloader/LUFA/Drivers/USB/Core/AVR8/../AVR8/Endpoint_AVR8.h ****  *  \brief Endpoint data read/write definitions for the Atmel AVR8 architecture.
  42:../../LUFA-Libs/Arduino_LUFA_Bootloader/LUFA/Drivers/USB/Core/AVR8/../AVR8/Endpoint_AVR8.h ****  *
  43:../../LUFA-Libs/Arduino_LUFA_Bootloader/LUFA/Drivers/USB/Core/AVR8/../AVR8/Endpoint_AVR8.h ****  *  Functions, macros, variables, enums and types related to data reading and writing from and to e
  44:../../LUFA-Libs/Arduino_LUFA_Bootloader/LUFA/Drivers/USB/Core/AVR8/../AVR8/Endpoint_AVR8.h ****  */
  45:../../LUFA-Libs/Arduino_LUFA_Bootloader/LUFA/Drivers/USB/Core/AVR8/../AVR8/Endpoint_AVR8.h **** 
  46:../../LUFA-Libs/Arduino_LUFA_Bootloader/LUFA/Drivers/USB/Core/AVR8/../AVR8/Endpoint_AVR8.h **** /** \ingroup Group_EndpointPrimitiveRW
  47:../../LUFA-Libs/Arduino_LUFA_Bootloader/LUFA/Drivers/USB/Core/AVR8/../AVR8/Endpoint_AVR8.h ****  *  \defgroup Group_EndpointPrimitiveRW_AVR8 Read/Write of Primitive Data Types (AVR8)
  48:../../LUFA-Libs/Arduino_LUFA_Bootloader/LUFA/Drivers/USB/Core/AVR8/../AVR8/Endpoint_AVR8.h ****  *  \brief Endpoint primitive read/write definitions for the Atmel AVR8 architecture.
  49:../../LUFA-Libs/Arduino_LUFA_Bootloader/LUFA/Drivers/USB/Core/AVR8/../AVR8/Endpoint_AVR8.h ****  *
  50:../../LUFA-Libs/Arduino_LUFA_Bootloader/LUFA/Drivers/USB/Core/AVR8/../AVR8/Endpoint_AVR8.h ****  *  Functions, macros, variables, enums and types related to data reading and writing of primitive 
  51:../../LUFA-Libs/Arduino_LUFA_Bootloader/LUFA/Drivers/USB/Core/AVR8/../AVR8/Endpoint_AVR8.h ****  *  from and to endpoints.
  52:../../LUFA-Libs/Arduino_LUFA_Bootloader/LUFA/Drivers/USB/Core/AVR8/../AVR8/Endpoint_AVR8.h ****  */
  53:../../LUFA-Libs/Arduino_LUFA_Bootloader/LUFA/Drivers/USB/Core/AVR8/../AVR8/Endpoint_AVR8.h **** 
  54:../../LUFA-Libs/Arduino_LUFA_Bootloader/LUFA/Drivers/USB/Core/AVR8/../AVR8/Endpoint_AVR8.h **** /** \ingroup Group_EndpointPacketManagement
  55:../../LUFA-Libs/Arduino_LUFA_Bootloader/LUFA/Drivers/USB/Core/AVR8/../AVR8/Endpoint_AVR8.h ****  *  \defgroup Group_EndpointPacketManagement_AVR8 Endpoint Packet Management (AVR8)
  56:../../LUFA-Libs/Arduino_LUFA_Bootloader/LUFA/Drivers/USB/Core/AVR8/../AVR8/Endpoint_AVR8.h ****  *  \brief Endpoint packet management definitions for the Atmel AVR8 architecture.
  57:../../LUFA-Libs/Arduino_LUFA_Bootloader/LUFA/Drivers/USB/Core/AVR8/../AVR8/Endpoint_AVR8.h ****  *
  58:../../LUFA-Libs/Arduino_LUFA_Bootloader/LUFA/Drivers/USB/Core/AVR8/../AVR8/Endpoint_AVR8.h ****  *  Functions, macros, variables, enums and types related to packet management of endpoints.
  59:../../LUFA-Libs/Arduino_LUFA_Bootloader/LUFA/Drivers/USB/Core/AVR8/../AVR8/Endpoint_AVR8.h ****  */
  60:../../LUFA-Libs/Arduino_LUFA_Bootloader/LUFA/Drivers/USB/Core/AVR8/../AVR8/Endpoint_AVR8.h **** 
  61:../../LUFA-Libs/Arduino_LUFA_Bootloader/LUFA/Drivers/USB/Core/AVR8/../AVR8/Endpoint_AVR8.h **** /** \ingroup Group_EndpointManagement
  62:../../LUFA-Libs/Arduino_LUFA_Bootloader/LUFA/Drivers/USB/Core/AVR8/../AVR8/Endpoint_AVR8.h ****  *  \defgroup Group_EndpointManagement_AVR8 Endpoint Management (AVR8)
  63:../../LUFA-Libs/Arduino_LUFA_Bootloader/LUFA/Drivers/USB/Core/AVR8/../AVR8/Endpoint_AVR8.h ****  *  \brief Endpoint management definitions for the Atmel AVR8 architecture.
  64:../../LUFA-Libs/Arduino_LUFA_Bootloader/LUFA/Drivers/USB/Core/AVR8/../AVR8/Endpoint_AVR8.h ****  *
  65:../../LUFA-Libs/Arduino_LUFA_Bootloader/LUFA/Drivers/USB/Core/AVR8/../AVR8/Endpoint_AVR8.h ****  *  Functions, macros and enums related to endpoint management when in USB Device mode. This
  66:../../LUFA-Libs/Arduino_LUFA_Bootloader/LUFA/Drivers/USB/Core/AVR8/../AVR8/Endpoint_AVR8.h ****  *  module contains the endpoint management macros, as well as endpoint interrupt and data
  67:../../LUFA-Libs/Arduino_LUFA_Bootloader/LUFA/Drivers/USB/Core/AVR8/../AVR8/Endpoint_AVR8.h ****  *  send/receive functions for various data types.
  68:../../LUFA-Libs/Arduino_LUFA_Bootloader/LUFA/Drivers/USB/Core/AVR8/../AVR8/Endpoint_AVR8.h ****  *
  69:../../LUFA-Libs/Arduino_LUFA_Bootloader/LUFA/Drivers/USB/Core/AVR8/../AVR8/Endpoint_AVR8.h ****  *  @{
  70:../../LUFA-Libs/Arduino_LUFA_Bootloader/LUFA/Drivers/USB/Core/AVR8/../AVR8/Endpoint_AVR8.h ****  */
  71:../../LUFA-Libs/Arduino_LUFA_Bootloader/LUFA/Drivers/USB/Core/AVR8/../AVR8/Endpoint_AVR8.h **** 
  72:../../LUFA-Libs/Arduino_LUFA_Bootloader/LUFA/Drivers/USB/Core/AVR8/../AVR8/Endpoint_AVR8.h **** #ifndef __ENDPOINT_AVR8_H__
  73:../../LUFA-Libs/Arduino_LUFA_Bootloader/LUFA/Drivers/USB/Core/AVR8/../AVR8/Endpoint_AVR8.h **** #define __ENDPOINT_AVR8_H__
  74:../../LUFA-Libs/Arduino_LUFA_Bootloader/LUFA/Drivers/USB/Core/AVR8/../AVR8/Endpoint_AVR8.h **** 
  75:../../LUFA-Libs/Arduino_LUFA_Bootloader/LUFA/Drivers/USB/Core/AVR8/../AVR8/Endpoint_AVR8.h **** 	/* Includes: */
  76:../../LUFA-Libs/Arduino_LUFA_Bootloader/LUFA/Drivers/USB/Core/AVR8/../AVR8/Endpoint_AVR8.h **** 		#include "../../../../Common/Common.h"
  77:../../LUFA-Libs/Arduino_LUFA_Bootloader/LUFA/Drivers/USB/Core/AVR8/../AVR8/Endpoint_AVR8.h **** 		#include "../USBTask.h"
  78:../../LUFA-Libs/Arduino_LUFA_Bootloader/LUFA/Drivers/USB/Core/AVR8/../AVR8/Endpoint_AVR8.h **** 		#include "../USBInterrupt.h"
  79:../../LUFA-Libs/Arduino_LUFA_Bootloader/LUFA/Drivers/USB/Core/AVR8/../AVR8/Endpoint_AVR8.h **** 
  80:../../LUFA-Libs/Arduino_LUFA_Bootloader/LUFA/Drivers/USB/Core/AVR8/../AVR8/Endpoint_AVR8.h **** 	/* Enable C linkage for C++ Compilers: */
  81:../../LUFA-Libs/Arduino_LUFA_Bootloader/LUFA/Drivers/USB/Core/AVR8/../AVR8/Endpoint_AVR8.h **** 		#if defined(__cplusplus)
  82:../../LUFA-Libs/Arduino_LUFA_Bootloader/LUFA/Drivers/USB/Core/AVR8/../AVR8/Endpoint_AVR8.h **** 			extern "C" {
  83:../../LUFA-Libs/Arduino_LUFA_Bootloader/LUFA/Drivers/USB/Core/AVR8/../AVR8/Endpoint_AVR8.h **** 		#endif
  84:../../LUFA-Libs/Arduino_LUFA_Bootloader/LUFA/Drivers/USB/Core/AVR8/../AVR8/Endpoint_AVR8.h **** 
  85:../../LUFA-Libs/Arduino_LUFA_Bootloader/LUFA/Drivers/USB/Core/AVR8/../AVR8/Endpoint_AVR8.h **** 	/* Preprocessor Checks: */
  86:../../LUFA-Libs/Arduino_LUFA_Bootloader/LUFA/Drivers/USB/Core/AVR8/../AVR8/Endpoint_AVR8.h **** 		#if !defined(__INCLUDE_FROM_USB_DRIVER)
  87:../../LUFA-Libs/Arduino_LUFA_Bootloader/LUFA/Drivers/USB/Core/AVR8/../AVR8/Endpoint_AVR8.h **** 			#error Do not include this file directly. Include LUFA/Drivers/USB/USB.h instead.
  88:../../LUFA-Libs/Arduino_LUFA_Bootloader/LUFA/Drivers/USB/Core/AVR8/../AVR8/Endpoint_AVR8.h **** 		#endif
  89:../../LUFA-Libs/Arduino_LUFA_Bootloader/LUFA/Drivers/USB/Core/AVR8/../AVR8/Endpoint_AVR8.h **** 
  90:../../LUFA-Libs/Arduino_LUFA_Bootloader/LUFA/Drivers/USB/Core/AVR8/../AVR8/Endpoint_AVR8.h **** 	/* Private Interface - For use in library only: */
  91:../../LUFA-Libs/Arduino_LUFA_Bootloader/LUFA/Drivers/USB/Core/AVR8/../AVR8/Endpoint_AVR8.h **** 	#if !defined(__DOXYGEN__)
  92:../../LUFA-Libs/Arduino_LUFA_Bootloader/LUFA/Drivers/USB/Core/AVR8/../AVR8/Endpoint_AVR8.h **** 		/* Macros: */
  93:../../LUFA-Libs/Arduino_LUFA_Bootloader/LUFA/Drivers/USB/Core/AVR8/../AVR8/Endpoint_AVR8.h **** 			#define _ENDPOINT_GET_MAXSIZE(EPIndex)         _ENDPOINT_GET_MAXSIZE2(ENDPOINT_DETAILS_EP ## EPI
  94:../../LUFA-Libs/Arduino_LUFA_Bootloader/LUFA/Drivers/USB/Core/AVR8/../AVR8/Endpoint_AVR8.h **** 			#define _ENDPOINT_GET_MAXSIZE2(EPDetails)      _ENDPOINT_GET_MAXSIZE3(EPDetails)
  95:../../LUFA-Libs/Arduino_LUFA_Bootloader/LUFA/Drivers/USB/Core/AVR8/../AVR8/Endpoint_AVR8.h **** 			#define _ENDPOINT_GET_MAXSIZE3(MaxSize, Banks) (MaxSize)
  96:../../LUFA-Libs/Arduino_LUFA_Bootloader/LUFA/Drivers/USB/Core/AVR8/../AVR8/Endpoint_AVR8.h **** 
  97:../../LUFA-Libs/Arduino_LUFA_Bootloader/LUFA/Drivers/USB/Core/AVR8/../AVR8/Endpoint_AVR8.h **** 			#define _ENDPOINT_GET_BANKS(EPIndex)           _ENDPOINT_GET_BANKS2(ENDPOINT_DETAILS_EP ## EPInd
  98:../../LUFA-Libs/Arduino_LUFA_Bootloader/LUFA/Drivers/USB/Core/AVR8/../AVR8/Endpoint_AVR8.h **** 			#define _ENDPOINT_GET_BANKS2(EPDetails)        _ENDPOINT_GET_BANKS3(EPDetails)
  99:../../LUFA-Libs/Arduino_LUFA_Bootloader/LUFA/Drivers/USB/Core/AVR8/../AVR8/Endpoint_AVR8.h **** 			#define _ENDPOINT_GET_BANKS3(MaxSize, Banks)   (Banks)
 100:../../LUFA-Libs/Arduino_LUFA_Bootloader/LUFA/Drivers/USB/Core/AVR8/../AVR8/Endpoint_AVR8.h **** 
 101:../../LUFA-Libs/Arduino_LUFA_Bootloader/LUFA/Drivers/USB/Core/AVR8/../AVR8/Endpoint_AVR8.h **** 			#if defined(USB_SERIES_4_AVR) || defined(USB_SERIES_6_AVR) || defined(USB_SERIES_7_AVR)
 102:../../LUFA-Libs/Arduino_LUFA_Bootloader/LUFA/Drivers/USB/Core/AVR8/../AVR8/Endpoint_AVR8.h **** 				#define ENDPOINT_DETAILS_MAXEP             7
 103:../../LUFA-Libs/Arduino_LUFA_Bootloader/LUFA/Drivers/USB/Core/AVR8/../AVR8/Endpoint_AVR8.h **** 
 104:../../LUFA-Libs/Arduino_LUFA_Bootloader/LUFA/Drivers/USB/Core/AVR8/../AVR8/Endpoint_AVR8.h **** 				#define ENDPOINT_DETAILS_EP0               64,  1
 105:../../LUFA-Libs/Arduino_LUFA_Bootloader/LUFA/Drivers/USB/Core/AVR8/../AVR8/Endpoint_AVR8.h **** 				#define ENDPOINT_DETAILS_EP1               256, 2
 106:../../LUFA-Libs/Arduino_LUFA_Bootloader/LUFA/Drivers/USB/Core/AVR8/../AVR8/Endpoint_AVR8.h **** 				#define ENDPOINT_DETAILS_EP2               64,  2
 107:../../LUFA-Libs/Arduino_LUFA_Bootloader/LUFA/Drivers/USB/Core/AVR8/../AVR8/Endpoint_AVR8.h **** 				#define ENDPOINT_DETAILS_EP3               64,  2
 108:../../LUFA-Libs/Arduino_LUFA_Bootloader/LUFA/Drivers/USB/Core/AVR8/../AVR8/Endpoint_AVR8.h **** 				#define ENDPOINT_DETAILS_EP4               64,  2
 109:../../LUFA-Libs/Arduino_LUFA_Bootloader/LUFA/Drivers/USB/Core/AVR8/../AVR8/Endpoint_AVR8.h **** 				#define ENDPOINT_DETAILS_EP5               64,  2
 110:../../LUFA-Libs/Arduino_LUFA_Bootloader/LUFA/Drivers/USB/Core/AVR8/../AVR8/Endpoint_AVR8.h **** 				#define ENDPOINT_DETAILS_EP6               64,  2
 111:../../LUFA-Libs/Arduino_LUFA_Bootloader/LUFA/Drivers/USB/Core/AVR8/../AVR8/Endpoint_AVR8.h **** 			#else
 112:../../LUFA-Libs/Arduino_LUFA_Bootloader/LUFA/Drivers/USB/Core/AVR8/../AVR8/Endpoint_AVR8.h **** 				#define ENDPOINT_DETAILS_MAXEP             5
 113:../../LUFA-Libs/Arduino_LUFA_Bootloader/LUFA/Drivers/USB/Core/AVR8/../AVR8/Endpoint_AVR8.h **** 
 114:../../LUFA-Libs/Arduino_LUFA_Bootloader/LUFA/Drivers/USB/Core/AVR8/../AVR8/Endpoint_AVR8.h **** 				#define ENDPOINT_DETAILS_EP0               64,  1
 115:../../LUFA-Libs/Arduino_LUFA_Bootloader/LUFA/Drivers/USB/Core/AVR8/../AVR8/Endpoint_AVR8.h **** 				#define ENDPOINT_DETAILS_EP1               64,  1
 116:../../LUFA-Libs/Arduino_LUFA_Bootloader/LUFA/Drivers/USB/Core/AVR8/../AVR8/Endpoint_AVR8.h **** 				#define ENDPOINT_DETAILS_EP2               64,  1
 117:../../LUFA-Libs/Arduino_LUFA_Bootloader/LUFA/Drivers/USB/Core/AVR8/../AVR8/Endpoint_AVR8.h **** 				#define ENDPOINT_DETAILS_EP3               64,  2
 118:../../LUFA-Libs/Arduino_LUFA_Bootloader/LUFA/Drivers/USB/Core/AVR8/../AVR8/Endpoint_AVR8.h **** 				#define ENDPOINT_DETAILS_EP4               64,  2
 119:../../LUFA-Libs/Arduino_LUFA_Bootloader/LUFA/Drivers/USB/Core/AVR8/../AVR8/Endpoint_AVR8.h **** 			#endif
 120:../../LUFA-Libs/Arduino_LUFA_Bootloader/LUFA/Drivers/USB/Core/AVR8/../AVR8/Endpoint_AVR8.h **** 
 121:../../LUFA-Libs/Arduino_LUFA_Bootloader/LUFA/Drivers/USB/Core/AVR8/../AVR8/Endpoint_AVR8.h **** 		/* Inline Functions: */
 122:../../LUFA-Libs/Arduino_LUFA_Bootloader/LUFA/Drivers/USB/Core/AVR8/../AVR8/Endpoint_AVR8.h **** 			static inline uint8_t Endpoint_BytesToEPSizeMask(const uint16_t Bytes) ATTR_WARN_UNUSED_RESULT A
 123:../../LUFA-Libs/Arduino_LUFA_Bootloader/LUFA/Drivers/USB/Core/AVR8/../AVR8/Endpoint_AVR8.h **** 			                                                                       ATTR_ALWAYS_INLINE;
 124:../../LUFA-Libs/Arduino_LUFA_Bootloader/LUFA/Drivers/USB/Core/AVR8/../AVR8/Endpoint_AVR8.h **** 			static inline uint8_t Endpoint_BytesToEPSizeMask(const uint16_t Bytes)
 125:../../LUFA-Libs/Arduino_LUFA_Bootloader/LUFA/Drivers/USB/Core/AVR8/../AVR8/Endpoint_AVR8.h **** 			{
 126:../../LUFA-Libs/Arduino_LUFA_Bootloader/LUFA/Drivers/USB/Core/AVR8/../AVR8/Endpoint_AVR8.h **** 				uint8_t  MaskVal    = 0;
 127:../../LUFA-Libs/Arduino_LUFA_Bootloader/LUFA/Drivers/USB/Core/AVR8/../AVR8/Endpoint_AVR8.h **** 				uint16_t CheckBytes = 8;
 128:../../LUFA-Libs/Arduino_LUFA_Bootloader/LUFA/Drivers/USB/Core/AVR8/../AVR8/Endpoint_AVR8.h **** 
 129:../../LUFA-Libs/Arduino_LUFA_Bootloader/LUFA/Drivers/USB/Core/AVR8/../AVR8/Endpoint_AVR8.h **** 				while (CheckBytes < Bytes)
 130:../../LUFA-Libs/Arduino_LUFA_Bootloader/LUFA/Drivers/USB/Core/AVR8/../AVR8/Endpoint_AVR8.h **** 				{
 131:../../LUFA-Libs/Arduino_LUFA_Bootloader/LUFA/Drivers/USB/Core/AVR8/../AVR8/Endpoint_AVR8.h **** 					MaskVal++;
 132:../../LUFA-Libs/Arduino_LUFA_Bootloader/LUFA/Drivers/USB/Core/AVR8/../AVR8/Endpoint_AVR8.h **** 					CheckBytes <<= 1;
 133:../../LUFA-Libs/Arduino_LUFA_Bootloader/LUFA/Drivers/USB/Core/AVR8/../AVR8/Endpoint_AVR8.h **** 				}
 134:../../LUFA-Libs/Arduino_LUFA_Bootloader/LUFA/Drivers/USB/Core/AVR8/../AVR8/Endpoint_AVR8.h **** 
 135:../../LUFA-Libs/Arduino_LUFA_Bootloader/LUFA/Drivers/USB/Core/AVR8/../AVR8/Endpoint_AVR8.h **** 				return (MaskVal << EPSIZE0);
 136:../../LUFA-Libs/Arduino_LUFA_Bootloader/LUFA/Drivers/USB/Core/AVR8/../AVR8/Endpoint_AVR8.h **** 			}
 137:../../LUFA-Libs/Arduino_LUFA_Bootloader/LUFA/Drivers/USB/Core/AVR8/../AVR8/Endpoint_AVR8.h **** 
 138:../../LUFA-Libs/Arduino_LUFA_Bootloader/LUFA/Drivers/USB/Core/AVR8/../AVR8/Endpoint_AVR8.h **** 		/* Function Prototypes: */
 139:../../LUFA-Libs/Arduino_LUFA_Bootloader/LUFA/Drivers/USB/Core/AVR8/../AVR8/Endpoint_AVR8.h **** 			void Endpoint_ClearEndpoints(void);
 140:../../LUFA-Libs/Arduino_LUFA_Bootloader/LUFA/Drivers/USB/Core/AVR8/../AVR8/Endpoint_AVR8.h **** 			bool Endpoint_ConfigureEndpoint_Prv(const uint8_t Number,
 141:../../LUFA-Libs/Arduino_LUFA_Bootloader/LUFA/Drivers/USB/Core/AVR8/../AVR8/Endpoint_AVR8.h **** 			                                    const uint8_t UECFG0XData,
 142:../../LUFA-Libs/Arduino_LUFA_Bootloader/LUFA/Drivers/USB/Core/AVR8/../AVR8/Endpoint_AVR8.h **** 			                                    const uint8_t UECFG1XData);
 143:../../LUFA-Libs/Arduino_LUFA_Bootloader/LUFA/Drivers/USB/Core/AVR8/../AVR8/Endpoint_AVR8.h **** 
 144:../../LUFA-Libs/Arduino_LUFA_Bootloader/LUFA/Drivers/USB/Core/AVR8/../AVR8/Endpoint_AVR8.h **** 	#endif
 145:../../LUFA-Libs/Arduino_LUFA_Bootloader/LUFA/Drivers/USB/Core/AVR8/../AVR8/Endpoint_AVR8.h **** 
 146:../../LUFA-Libs/Arduino_LUFA_Bootloader/LUFA/Drivers/USB/Core/AVR8/../AVR8/Endpoint_AVR8.h **** 	/* Public Interface - May be used in end-application: */
 147:../../LUFA-Libs/Arduino_LUFA_Bootloader/LUFA/Drivers/USB/Core/AVR8/../AVR8/Endpoint_AVR8.h **** 		/* Macros: */			
 148:../../LUFA-Libs/Arduino_LUFA_Bootloader/LUFA/Drivers/USB/Core/AVR8/../AVR8/Endpoint_AVR8.h **** 			/** \name Endpoint Bank Mode Masks */
 149:../../LUFA-Libs/Arduino_LUFA_Bootloader/LUFA/Drivers/USB/Core/AVR8/../AVR8/Endpoint_AVR8.h **** 			//@{
 150:../../LUFA-Libs/Arduino_LUFA_Bootloader/LUFA/Drivers/USB/Core/AVR8/../AVR8/Endpoint_AVR8.h **** 			/** Mask for the bank mode selection for the \ref Endpoint_ConfigureEndpoint() macro. This indic
 151:../../LUFA-Libs/Arduino_LUFA_Bootloader/LUFA/Drivers/USB/Core/AVR8/../AVR8/Endpoint_AVR8.h **** 			 *  that the endpoint should have one single bank, which requires less USB FIFO memory but resul
 152:../../LUFA-Libs/Arduino_LUFA_Bootloader/LUFA/Drivers/USB/Core/AVR8/../AVR8/Endpoint_AVR8.h **** 			 *  in slower transfers as only one USB device (the AVR or the host) can access the endpoint's
 153:../../LUFA-Libs/Arduino_LUFA_Bootloader/LUFA/Drivers/USB/Core/AVR8/../AVR8/Endpoint_AVR8.h **** 			 *  bank at the one time.
 154:../../LUFA-Libs/Arduino_LUFA_Bootloader/LUFA/Drivers/USB/Core/AVR8/../AVR8/Endpoint_AVR8.h **** 			 */
 155:../../LUFA-Libs/Arduino_LUFA_Bootloader/LUFA/Drivers/USB/Core/AVR8/../AVR8/Endpoint_AVR8.h **** 			#define ENDPOINT_BANK_SINGLE                    (0 << EPBK0)
 156:../../LUFA-Libs/Arduino_LUFA_Bootloader/LUFA/Drivers/USB/Core/AVR8/../AVR8/Endpoint_AVR8.h **** 
 157:../../LUFA-Libs/Arduino_LUFA_Bootloader/LUFA/Drivers/USB/Core/AVR8/../AVR8/Endpoint_AVR8.h **** 			/** Mask for the bank mode selection for the \ref Endpoint_ConfigureEndpoint() macro. This indic
 158:../../LUFA-Libs/Arduino_LUFA_Bootloader/LUFA/Drivers/USB/Core/AVR8/../AVR8/Endpoint_AVR8.h **** 			 *  that the endpoint should have two banks, which requires more USB FIFO memory but results
 159:../../LUFA-Libs/Arduino_LUFA_Bootloader/LUFA/Drivers/USB/Core/AVR8/../AVR8/Endpoint_AVR8.h **** 			 *  in faster transfers as one USB device (the AVR or the host) can access one bank while the ot
 160:../../LUFA-Libs/Arduino_LUFA_Bootloader/LUFA/Drivers/USB/Core/AVR8/../AVR8/Endpoint_AVR8.h **** 			 *  accesses the second bank.
 161:../../LUFA-Libs/Arduino_LUFA_Bootloader/LUFA/Drivers/USB/Core/AVR8/../AVR8/Endpoint_AVR8.h **** 			 */
 162:../../LUFA-Libs/Arduino_LUFA_Bootloader/LUFA/Drivers/USB/Core/AVR8/../AVR8/Endpoint_AVR8.h **** 			#define ENDPOINT_BANK_DOUBLE                    (1 << EPBK0)
 163:../../LUFA-Libs/Arduino_LUFA_Bootloader/LUFA/Drivers/USB/Core/AVR8/../AVR8/Endpoint_AVR8.h **** 			//@}
 164:../../LUFA-Libs/Arduino_LUFA_Bootloader/LUFA/Drivers/USB/Core/AVR8/../AVR8/Endpoint_AVR8.h **** 
 165:../../LUFA-Libs/Arduino_LUFA_Bootloader/LUFA/Drivers/USB/Core/AVR8/../AVR8/Endpoint_AVR8.h **** 			#if (!defined(FIXED_CONTROL_ENDPOINT_SIZE) || defined(__DOXYGEN__))
 166:../../LUFA-Libs/Arduino_LUFA_Bootloader/LUFA/Drivers/USB/Core/AVR8/../AVR8/Endpoint_AVR8.h **** 				/** Default size of the default control endpoint's bank, until altered by the control endpoint 
 167:../../LUFA-Libs/Arduino_LUFA_Bootloader/LUFA/Drivers/USB/Core/AVR8/../AVR8/Endpoint_AVR8.h **** 				 *  value in the device descriptor. Not available if the \c FIXED_CONTROL_ENDPOINT_SIZE token i
 168:../../LUFA-Libs/Arduino_LUFA_Bootloader/LUFA/Drivers/USB/Core/AVR8/../AVR8/Endpoint_AVR8.h **** 				 */
 169:../../LUFA-Libs/Arduino_LUFA_Bootloader/LUFA/Drivers/USB/Core/AVR8/../AVR8/Endpoint_AVR8.h **** 				#define ENDPOINT_CONTROLEP_DEFAULT_SIZE     8
 170:../../LUFA-Libs/Arduino_LUFA_Bootloader/LUFA/Drivers/USB/Core/AVR8/../AVR8/Endpoint_AVR8.h **** 			#endif
 171:../../LUFA-Libs/Arduino_LUFA_Bootloader/LUFA/Drivers/USB/Core/AVR8/../AVR8/Endpoint_AVR8.h **** 
 172:../../LUFA-Libs/Arduino_LUFA_Bootloader/LUFA/Drivers/USB/Core/AVR8/../AVR8/Endpoint_AVR8.h **** 			/** Retrieves the maximum bank size in bytes of a given endpoint.
 173:../../LUFA-Libs/Arduino_LUFA_Bootloader/LUFA/Drivers/USB/Core/AVR8/../AVR8/Endpoint_AVR8.h **** 			 *
 174:../../LUFA-Libs/Arduino_LUFA_Bootloader/LUFA/Drivers/USB/Core/AVR8/../AVR8/Endpoint_AVR8.h **** 			 *  \note This macro will only work correctly on endpoint indexes that are compile-time constant
 175:../../LUFA-Libs/Arduino_LUFA_Bootloader/LUFA/Drivers/USB/Core/AVR8/../AVR8/Endpoint_AVR8.h **** 			 *        defined by the preprocessor.
 176:../../LUFA-Libs/Arduino_LUFA_Bootloader/LUFA/Drivers/USB/Core/AVR8/../AVR8/Endpoint_AVR8.h **** 			 *
 177:../../LUFA-Libs/Arduino_LUFA_Bootloader/LUFA/Drivers/USB/Core/AVR8/../AVR8/Endpoint_AVR8.h **** 			 *  \param[in] EPIndex  Endpoint number, a value between 0 and (\ref ENDPOINT_TOTAL_ENDPOINTS - 
 178:../../LUFA-Libs/Arduino_LUFA_Bootloader/LUFA/Drivers/USB/Core/AVR8/../AVR8/Endpoint_AVR8.h **** 			 */
 179:../../LUFA-Libs/Arduino_LUFA_Bootloader/LUFA/Drivers/USB/Core/AVR8/../AVR8/Endpoint_AVR8.h **** 			#define ENDPOINT_MAX_SIZE(EPIndex)              _ENDPOINT_GET_MAXSIZE(EPIndex)
 180:../../LUFA-Libs/Arduino_LUFA_Bootloader/LUFA/Drivers/USB/Core/AVR8/../AVR8/Endpoint_AVR8.h **** 
 181:../../LUFA-Libs/Arduino_LUFA_Bootloader/LUFA/Drivers/USB/Core/AVR8/../AVR8/Endpoint_AVR8.h **** 			/** Retrieves the total number of banks supported by the given endpoint.
 182:../../LUFA-Libs/Arduino_LUFA_Bootloader/LUFA/Drivers/USB/Core/AVR8/../AVR8/Endpoint_AVR8.h **** 			 *
 183:../../LUFA-Libs/Arduino_LUFA_Bootloader/LUFA/Drivers/USB/Core/AVR8/../AVR8/Endpoint_AVR8.h **** 			 *  \note This macro will only work correctly on endpoint indexes that are compile-time constant
 184:../../LUFA-Libs/Arduino_LUFA_Bootloader/LUFA/Drivers/USB/Core/AVR8/../AVR8/Endpoint_AVR8.h **** 			 *        defined by the preprocessor.
 185:../../LUFA-Libs/Arduino_LUFA_Bootloader/LUFA/Drivers/USB/Core/AVR8/../AVR8/Endpoint_AVR8.h **** 			 *
 186:../../LUFA-Libs/Arduino_LUFA_Bootloader/LUFA/Drivers/USB/Core/AVR8/../AVR8/Endpoint_AVR8.h **** 			 *  \param[in] EPIndex  Endpoint number, a value between 0 and (\ref ENDPOINT_TOTAL_ENDPOINTS - 
 187:../../LUFA-Libs/Arduino_LUFA_Bootloader/LUFA/Drivers/USB/Core/AVR8/../AVR8/Endpoint_AVR8.h **** 			 */
 188:../../LUFA-Libs/Arduino_LUFA_Bootloader/LUFA/Drivers/USB/Core/AVR8/../AVR8/Endpoint_AVR8.h **** 			#define ENDPOINT_BANKS_SUPPORTED(EPIndex)       _ENDPOINT_GET_BANKS(EPIndex)
 189:../../LUFA-Libs/Arduino_LUFA_Bootloader/LUFA/Drivers/USB/Core/AVR8/../AVR8/Endpoint_AVR8.h **** 
 190:../../LUFA-Libs/Arduino_LUFA_Bootloader/LUFA/Drivers/USB/Core/AVR8/../AVR8/Endpoint_AVR8.h **** 			#if !defined(CONTROL_ONLY_DEVICE) || defined(__DOXYGEN__)
 191:../../LUFA-Libs/Arduino_LUFA_Bootloader/LUFA/Drivers/USB/Core/AVR8/../AVR8/Endpoint_AVR8.h **** 				/** Total number of endpoints (including the default control endpoint at address 0) which may
 192:../../LUFA-Libs/Arduino_LUFA_Bootloader/LUFA/Drivers/USB/Core/AVR8/../AVR8/Endpoint_AVR8.h **** 				 *  be used in the device. Different USB AVR models support different amounts of endpoints,
 193:../../LUFA-Libs/Arduino_LUFA_Bootloader/LUFA/Drivers/USB/Core/AVR8/../AVR8/Endpoint_AVR8.h **** 				 *  this value reflects the maximum number of endpoints for the currently selected AVR model.
 194:../../LUFA-Libs/Arduino_LUFA_Bootloader/LUFA/Drivers/USB/Core/AVR8/../AVR8/Endpoint_AVR8.h **** 				 */
 195:../../LUFA-Libs/Arduino_LUFA_Bootloader/LUFA/Drivers/USB/Core/AVR8/../AVR8/Endpoint_AVR8.h **** 				#define ENDPOINT_TOTAL_ENDPOINTS            ENDPOINT_DETAILS_MAXEP
 196:../../LUFA-Libs/Arduino_LUFA_Bootloader/LUFA/Drivers/USB/Core/AVR8/../AVR8/Endpoint_AVR8.h **** 			#else
 197:../../LUFA-Libs/Arduino_LUFA_Bootloader/LUFA/Drivers/USB/Core/AVR8/../AVR8/Endpoint_AVR8.h **** 				#define ENDPOINT_TOTAL_ENDPOINTS            1
 198:../../LUFA-Libs/Arduino_LUFA_Bootloader/LUFA/Drivers/USB/Core/AVR8/../AVR8/Endpoint_AVR8.h **** 			#endif
 199:../../LUFA-Libs/Arduino_LUFA_Bootloader/LUFA/Drivers/USB/Core/AVR8/../AVR8/Endpoint_AVR8.h **** 
 200:../../LUFA-Libs/Arduino_LUFA_Bootloader/LUFA/Drivers/USB/Core/AVR8/../AVR8/Endpoint_AVR8.h **** 		/* Enums: */
 201:../../LUFA-Libs/Arduino_LUFA_Bootloader/LUFA/Drivers/USB/Core/AVR8/../AVR8/Endpoint_AVR8.h **** 			/** Enum for the possible error return codes of the \ref Endpoint_WaitUntilReady() function.
 202:../../LUFA-Libs/Arduino_LUFA_Bootloader/LUFA/Drivers/USB/Core/AVR8/../AVR8/Endpoint_AVR8.h **** 			 *
 203:../../LUFA-Libs/Arduino_LUFA_Bootloader/LUFA/Drivers/USB/Core/AVR8/../AVR8/Endpoint_AVR8.h **** 			 *  \ingroup Group_EndpointRW_AVR8
 204:../../LUFA-Libs/Arduino_LUFA_Bootloader/LUFA/Drivers/USB/Core/AVR8/../AVR8/Endpoint_AVR8.h **** 			 */
 205:../../LUFA-Libs/Arduino_LUFA_Bootloader/LUFA/Drivers/USB/Core/AVR8/../AVR8/Endpoint_AVR8.h **** 			enum Endpoint_WaitUntilReady_ErrorCodes_t
 206:../../LUFA-Libs/Arduino_LUFA_Bootloader/LUFA/Drivers/USB/Core/AVR8/../AVR8/Endpoint_AVR8.h **** 			{
 207:../../LUFA-Libs/Arduino_LUFA_Bootloader/LUFA/Drivers/USB/Core/AVR8/../AVR8/Endpoint_AVR8.h **** 				ENDPOINT_READYWAIT_NoError                 = 0, /**< Endpoint is ready for next packet, no erro
 208:../../LUFA-Libs/Arduino_LUFA_Bootloader/LUFA/Drivers/USB/Core/AVR8/../AVR8/Endpoint_AVR8.h **** 				ENDPOINT_READYWAIT_EndpointStalled         = 1, /**< The endpoint was stalled during the stream
 209:../../LUFA-Libs/Arduino_LUFA_Bootloader/LUFA/Drivers/USB/Core/AVR8/../AVR8/Endpoint_AVR8.h **** 				                                                 *   transfer by the host or device.
 210:../../LUFA-Libs/Arduino_LUFA_Bootloader/LUFA/Drivers/USB/Core/AVR8/../AVR8/Endpoint_AVR8.h **** 				                                                 */
 211:../../LUFA-Libs/Arduino_LUFA_Bootloader/LUFA/Drivers/USB/Core/AVR8/../AVR8/Endpoint_AVR8.h **** 				ENDPOINT_READYWAIT_DeviceDisconnected      = 2,	/**< Device was disconnected from the host whil
 212:../../LUFA-Libs/Arduino_LUFA_Bootloader/LUFA/Drivers/USB/Core/AVR8/../AVR8/Endpoint_AVR8.h **** 				                                                 *   waiting for the endpoint to become ready.
 213:../../LUFA-Libs/Arduino_LUFA_Bootloader/LUFA/Drivers/USB/Core/AVR8/../AVR8/Endpoint_AVR8.h **** 				                                                 */
 214:../../LUFA-Libs/Arduino_LUFA_Bootloader/LUFA/Drivers/USB/Core/AVR8/../AVR8/Endpoint_AVR8.h **** 				ENDPOINT_READYWAIT_BusSuspended            = 3, /**< The USB bus has been suspended by the host
 215:../../LUFA-Libs/Arduino_LUFA_Bootloader/LUFA/Drivers/USB/Core/AVR8/../AVR8/Endpoint_AVR8.h **** 				                                                 *   no USB endpoint traffic can occur until th
 216:../../LUFA-Libs/Arduino_LUFA_Bootloader/LUFA/Drivers/USB/Core/AVR8/../AVR8/Endpoint_AVR8.h **** 				                                                 *   has resumed.
 217:../../LUFA-Libs/Arduino_LUFA_Bootloader/LUFA/Drivers/USB/Core/AVR8/../AVR8/Endpoint_AVR8.h **** 				                                                 */
 218:../../LUFA-Libs/Arduino_LUFA_Bootloader/LUFA/Drivers/USB/Core/AVR8/../AVR8/Endpoint_AVR8.h **** 				ENDPOINT_READYWAIT_Timeout                 = 4, /**< The host failed to accept or send the next
 219:../../LUFA-Libs/Arduino_LUFA_Bootloader/LUFA/Drivers/USB/Core/AVR8/../AVR8/Endpoint_AVR8.h **** 				                                                 *   within the software timeout period set by 
 220:../../LUFA-Libs/Arduino_LUFA_Bootloader/LUFA/Drivers/USB/Core/AVR8/../AVR8/Endpoint_AVR8.h **** 				                                                 *   \ref USB_STREAM_TIMEOUT_MS macro.
 221:../../LUFA-Libs/Arduino_LUFA_Bootloader/LUFA/Drivers/USB/Core/AVR8/../AVR8/Endpoint_AVR8.h **** 				                                                 */
 222:../../LUFA-Libs/Arduino_LUFA_Bootloader/LUFA/Drivers/USB/Core/AVR8/../AVR8/Endpoint_AVR8.h **** 			};
 223:../../LUFA-Libs/Arduino_LUFA_Bootloader/LUFA/Drivers/USB/Core/AVR8/../AVR8/Endpoint_AVR8.h **** 
 224:../../LUFA-Libs/Arduino_LUFA_Bootloader/LUFA/Drivers/USB/Core/AVR8/../AVR8/Endpoint_AVR8.h **** 		/* Inline Functions: */
 225:../../LUFA-Libs/Arduino_LUFA_Bootloader/LUFA/Drivers/USB/Core/AVR8/../AVR8/Endpoint_AVR8.h **** 			/** Configures the specified endpoint number with the given endpoint type, direction, bank size
 226:../../LUFA-Libs/Arduino_LUFA_Bootloader/LUFA/Drivers/USB/Core/AVR8/../AVR8/Endpoint_AVR8.h **** 			 *  and banking mode. Once configured, the endpoint may be read from or written to, depending
 227:../../LUFA-Libs/Arduino_LUFA_Bootloader/LUFA/Drivers/USB/Core/AVR8/../AVR8/Endpoint_AVR8.h **** 			 *  on its direction.
 228:../../LUFA-Libs/Arduino_LUFA_Bootloader/LUFA/Drivers/USB/Core/AVR8/../AVR8/Endpoint_AVR8.h **** 			 *
 229:../../LUFA-Libs/Arduino_LUFA_Bootloader/LUFA/Drivers/USB/Core/AVR8/../AVR8/Endpoint_AVR8.h **** 			 *  \param[in] Number     Endpoint number to configure. This must be more than 0 and less than
 230:../../LUFA-Libs/Arduino_LUFA_Bootloader/LUFA/Drivers/USB/Core/AVR8/../AVR8/Endpoint_AVR8.h **** 			 *                        \ref ENDPOINT_TOTAL_ENDPOINTS.
 231:../../LUFA-Libs/Arduino_LUFA_Bootloader/LUFA/Drivers/USB/Core/AVR8/../AVR8/Endpoint_AVR8.h **** 			 *
 232:../../LUFA-Libs/Arduino_LUFA_Bootloader/LUFA/Drivers/USB/Core/AVR8/../AVR8/Endpoint_AVR8.h **** 			 *  \param[in] Type       Type of endpoint to configure, a \c EP_TYPE_* mask. Not all endpoint t
 233:../../LUFA-Libs/Arduino_LUFA_Bootloader/LUFA/Drivers/USB/Core/AVR8/../AVR8/Endpoint_AVR8.h **** 			 *                        are available on Low Speed USB devices - refer to the USB 2.0 specific
 234:../../LUFA-Libs/Arduino_LUFA_Bootloader/LUFA/Drivers/USB/Core/AVR8/../AVR8/Endpoint_AVR8.h **** 			 *
 235:../../LUFA-Libs/Arduino_LUFA_Bootloader/LUFA/Drivers/USB/Core/AVR8/../AVR8/Endpoint_AVR8.h **** 			 *  \param[in] Direction  Endpoint data direction, either \ref ENDPOINT_DIR_OUT or \ref ENDPOINT
 236:../../LUFA-Libs/Arduino_LUFA_Bootloader/LUFA/Drivers/USB/Core/AVR8/../AVR8/Endpoint_AVR8.h **** 			 *                        All endpoints (except Control type) are unidirectional - data may only
 237:../../LUFA-Libs/Arduino_LUFA_Bootloader/LUFA/Drivers/USB/Core/AVR8/../AVR8/Endpoint_AVR8.h **** 			 *                        from or written to the endpoint bank based on its direction, not both.
 238:../../LUFA-Libs/Arduino_LUFA_Bootloader/LUFA/Drivers/USB/Core/AVR8/../AVR8/Endpoint_AVR8.h **** 			 *
 239:../../LUFA-Libs/Arduino_LUFA_Bootloader/LUFA/Drivers/USB/Core/AVR8/../AVR8/Endpoint_AVR8.h **** 			 *  \param[in] Size       Size of the endpoint's bank, where packets are stored before they are 
 240:../../LUFA-Libs/Arduino_LUFA_Bootloader/LUFA/Drivers/USB/Core/AVR8/../AVR8/Endpoint_AVR8.h **** 			 *                        to the USB host, or after they have been received from the USB host (d
 241:../../LUFA-Libs/Arduino_LUFA_Bootloader/LUFA/Drivers/USB/Core/AVR8/../AVR8/Endpoint_AVR8.h **** 			 *                        the endpoint's data direction). The bank size must indicate the maximu
 242:../../LUFA-Libs/Arduino_LUFA_Bootloader/LUFA/Drivers/USB/Core/AVR8/../AVR8/Endpoint_AVR8.h **** 			 *                        that the endpoint can handle.
 243:../../LUFA-Libs/Arduino_LUFA_Bootloader/LUFA/Drivers/USB/Core/AVR8/../AVR8/Endpoint_AVR8.h **** 			 *
 244:../../LUFA-Libs/Arduino_LUFA_Bootloader/LUFA/Drivers/USB/Core/AVR8/../AVR8/Endpoint_AVR8.h **** 			 *  \param[in] Banks      Number of banks to use for the endpoint being configured, an \c ENDPOI
 245:../../LUFA-Libs/Arduino_LUFA_Bootloader/LUFA/Drivers/USB/Core/AVR8/../AVR8/Endpoint_AVR8.h **** 			 *                        More banks uses more USB DPRAM, but offers better performance. Isochro
 246:../../LUFA-Libs/Arduino_LUFA_Bootloader/LUFA/Drivers/USB/Core/AVR8/../AVR8/Endpoint_AVR8.h **** 			 *                        endpoints <b>must</b> have at least two banks.
 247:../../LUFA-Libs/Arduino_LUFA_Bootloader/LUFA/Drivers/USB/Core/AVR8/../AVR8/Endpoint_AVR8.h **** 			 *
 248:../../LUFA-Libs/Arduino_LUFA_Bootloader/LUFA/Drivers/USB/Core/AVR8/../AVR8/Endpoint_AVR8.h **** 			 *  \note When the \c ORDERED_EP_CONFIG compile time option is used, Endpoints <b>must</b> be co
 249:../../LUFA-Libs/Arduino_LUFA_Bootloader/LUFA/Drivers/USB/Core/AVR8/../AVR8/Endpoint_AVR8.h **** 			 *        ascending order, or bank corruption will occur.
 250:../../LUFA-Libs/Arduino_LUFA_Bootloader/LUFA/Drivers/USB/Core/AVR8/../AVR8/Endpoint_AVR8.h **** 			 *        \n\n
 251:../../LUFA-Libs/Arduino_LUFA_Bootloader/LUFA/Drivers/USB/Core/AVR8/../AVR8/Endpoint_AVR8.h **** 			 *
 252:../../LUFA-Libs/Arduino_LUFA_Bootloader/LUFA/Drivers/USB/Core/AVR8/../AVR8/Endpoint_AVR8.h **** 			 *  \note Different endpoints may have different maximum packet sizes based on the endpoint's in
 253:../../LUFA-Libs/Arduino_LUFA_Bootloader/LUFA/Drivers/USB/Core/AVR8/../AVR8/Endpoint_AVR8.h **** 			 *        the chosen microcontroller model's datasheet to determine the maximum bank size for ea
 254:../../LUFA-Libs/Arduino_LUFA_Bootloader/LUFA/Drivers/USB/Core/AVR8/../AVR8/Endpoint_AVR8.h **** 			 *        \n\n
 255:../../LUFA-Libs/Arduino_LUFA_Bootloader/LUFA/Drivers/USB/Core/AVR8/../AVR8/Endpoint_AVR8.h **** 			 *
 256:../../LUFA-Libs/Arduino_LUFA_Bootloader/LUFA/Drivers/USB/Core/AVR8/../AVR8/Endpoint_AVR8.h **** 			 *  \note The default control endpoint should not be manually configured by the user application
 257:../../LUFA-Libs/Arduino_LUFA_Bootloader/LUFA/Drivers/USB/Core/AVR8/../AVR8/Endpoint_AVR8.h **** 			 *        it is automatically configured by the library internally.
 258:../../LUFA-Libs/Arduino_LUFA_Bootloader/LUFA/Drivers/USB/Core/AVR8/../AVR8/Endpoint_AVR8.h **** 			 *        \n\n
 259:../../LUFA-Libs/Arduino_LUFA_Bootloader/LUFA/Drivers/USB/Core/AVR8/../AVR8/Endpoint_AVR8.h **** 			 *
 260:../../LUFA-Libs/Arduino_LUFA_Bootloader/LUFA/Drivers/USB/Core/AVR8/../AVR8/Endpoint_AVR8.h **** 			 *  \note This routine will automatically select the specified endpoint upon success. Upon failu
 261:../../LUFA-Libs/Arduino_LUFA_Bootloader/LUFA/Drivers/USB/Core/AVR8/../AVR8/Endpoint_AVR8.h **** 			 *        which failed to reconfigure correctly will be selected.
 262:../../LUFA-Libs/Arduino_LUFA_Bootloader/LUFA/Drivers/USB/Core/AVR8/../AVR8/Endpoint_AVR8.h **** 			 *
 263:../../LUFA-Libs/Arduino_LUFA_Bootloader/LUFA/Drivers/USB/Core/AVR8/../AVR8/Endpoint_AVR8.h **** 			 *  \return Boolean \c true if the configuration succeeded, \c false otherwise.
 264:../../LUFA-Libs/Arduino_LUFA_Bootloader/LUFA/Drivers/USB/Core/AVR8/../AVR8/Endpoint_AVR8.h **** 			 */
 265:../../LUFA-Libs/Arduino_LUFA_Bootloader/LUFA/Drivers/USB/Core/AVR8/../AVR8/Endpoint_AVR8.h **** 			static inline bool Endpoint_ConfigureEndpoint(const uint8_t Number,
 266:../../LUFA-Libs/Arduino_LUFA_Bootloader/LUFA/Drivers/USB/Core/AVR8/../AVR8/Endpoint_AVR8.h **** 			                                              const uint8_t Type,
 267:../../LUFA-Libs/Arduino_LUFA_Bootloader/LUFA/Drivers/USB/Core/AVR8/../AVR8/Endpoint_AVR8.h **** 			                                              const uint8_t Direction,
 268:../../LUFA-Libs/Arduino_LUFA_Bootloader/LUFA/Drivers/USB/Core/AVR8/../AVR8/Endpoint_AVR8.h **** 			                                              const uint16_t Size,
 269:../../LUFA-Libs/Arduino_LUFA_Bootloader/LUFA/Drivers/USB/Core/AVR8/../AVR8/Endpoint_AVR8.h **** 			                                              const uint8_t Banks) ATTR_ALWAYS_INLINE;
 270:../../LUFA-Libs/Arduino_LUFA_Bootloader/LUFA/Drivers/USB/Core/AVR8/../AVR8/Endpoint_AVR8.h **** 			static inline bool Endpoint_ConfigureEndpoint(const uint8_t Number,
 271:../../LUFA-Libs/Arduino_LUFA_Bootloader/LUFA/Drivers/USB/Core/AVR8/../AVR8/Endpoint_AVR8.h **** 			                                              const uint8_t Type,
 272:../../LUFA-Libs/Arduino_LUFA_Bootloader/LUFA/Drivers/USB/Core/AVR8/../AVR8/Endpoint_AVR8.h **** 			                                              const uint8_t Direction,
 273:../../LUFA-Libs/Arduino_LUFA_Bootloader/LUFA/Drivers/USB/Core/AVR8/../AVR8/Endpoint_AVR8.h **** 			                                              const uint16_t Size,
 274:../../LUFA-Libs/Arduino_LUFA_Bootloader/LUFA/Drivers/USB/Core/AVR8/../AVR8/Endpoint_AVR8.h **** 			                                              const uint8_t Banks)
 275:../../LUFA-Libs/Arduino_LUFA_Bootloader/LUFA/Drivers/USB/Core/AVR8/../AVR8/Endpoint_AVR8.h **** 			{
 276:../../LUFA-Libs/Arduino_LUFA_Bootloader/LUFA/Drivers/USB/Core/AVR8/../AVR8/Endpoint_AVR8.h **** 				return Endpoint_ConfigureEndpoint_Prv(Number, ((Type << EPTYPE0) | (Direction ? (1 << EPDIR) : 
 277:../../LUFA-Libs/Arduino_LUFA_Bootloader/LUFA/Drivers/USB/Core/AVR8/../AVR8/Endpoint_AVR8.h **** 				                                      ((1 << ALLOC) | Banks | Endpoint_BytesToEPSizeMask(Size))
 278:../../LUFA-Libs/Arduino_LUFA_Bootloader/LUFA/Drivers/USB/Core/AVR8/../AVR8/Endpoint_AVR8.h **** 			}
 279:../../LUFA-Libs/Arduino_LUFA_Bootloader/LUFA/Drivers/USB/Core/AVR8/../AVR8/Endpoint_AVR8.h **** 
 280:../../LUFA-Libs/Arduino_LUFA_Bootloader/LUFA/Drivers/USB/Core/AVR8/../AVR8/Endpoint_AVR8.h **** 			/** Indicates the number of bytes currently stored in the current endpoint's selected bank.
 281:../../LUFA-Libs/Arduino_LUFA_Bootloader/LUFA/Drivers/USB/Core/AVR8/../AVR8/Endpoint_AVR8.h **** 			 *
 282:../../LUFA-Libs/Arduino_LUFA_Bootloader/LUFA/Drivers/USB/Core/AVR8/../AVR8/Endpoint_AVR8.h **** 			 *  \note The return width of this function may differ, depending on the maximum endpoint bank s
 283:../../LUFA-Libs/Arduino_LUFA_Bootloader/LUFA/Drivers/USB/Core/AVR8/../AVR8/Endpoint_AVR8.h **** 			 *        of the selected AVR model.
 284:../../LUFA-Libs/Arduino_LUFA_Bootloader/LUFA/Drivers/USB/Core/AVR8/../AVR8/Endpoint_AVR8.h **** 			 *
 285:../../LUFA-Libs/Arduino_LUFA_Bootloader/LUFA/Drivers/USB/Core/AVR8/../AVR8/Endpoint_AVR8.h **** 			 *  \ingroup Group_EndpointRW_AVR8
 286:../../LUFA-Libs/Arduino_LUFA_Bootloader/LUFA/Drivers/USB/Core/AVR8/../AVR8/Endpoint_AVR8.h **** 			 *
 287:../../LUFA-Libs/Arduino_LUFA_Bootloader/LUFA/Drivers/USB/Core/AVR8/../AVR8/Endpoint_AVR8.h **** 			 *  \return Total number of bytes in the currently selected Endpoint's FIFO buffer.
 288:../../LUFA-Libs/Arduino_LUFA_Bootloader/LUFA/Drivers/USB/Core/AVR8/../AVR8/Endpoint_AVR8.h **** 			 */
 289:../../LUFA-Libs/Arduino_LUFA_Bootloader/LUFA/Drivers/USB/Core/AVR8/../AVR8/Endpoint_AVR8.h **** 			static inline uint16_t Endpoint_BytesInEndpoint(void) ATTR_WARN_UNUSED_RESULT ATTR_ALWAYS_INLINE
 290:../../LUFA-Libs/Arduino_LUFA_Bootloader/LUFA/Drivers/USB/Core/AVR8/../AVR8/Endpoint_AVR8.h **** 			static inline uint16_t Endpoint_BytesInEndpoint(void)
 291:../../LUFA-Libs/Arduino_LUFA_Bootloader/LUFA/Drivers/USB/Core/AVR8/../AVR8/Endpoint_AVR8.h **** 			{
 292:../../LUFA-Libs/Arduino_LUFA_Bootloader/LUFA/Drivers/USB/Core/AVR8/../AVR8/Endpoint_AVR8.h **** 				#if defined(USB_SERIES_6_AVR) || defined(USB_SERIES_7_AVR)
 293:../../LUFA-Libs/Arduino_LUFA_Bootloader/LUFA/Drivers/USB/Core/AVR8/../AVR8/Endpoint_AVR8.h **** 					return UEBCX;
 294:../../LUFA-Libs/Arduino_LUFA_Bootloader/LUFA/Drivers/USB/Core/AVR8/../AVR8/Endpoint_AVR8.h **** 				#elif defined(USB_SERIES_4_AVR)
 295:../../LUFA-Libs/Arduino_LUFA_Bootloader/LUFA/Drivers/USB/Core/AVR8/../AVR8/Endpoint_AVR8.h **** 					return (((uint16_t)UEBCHX << 8) | UEBCLX);
 296:../../LUFA-Libs/Arduino_LUFA_Bootloader/LUFA/Drivers/USB/Core/AVR8/../AVR8/Endpoint_AVR8.h **** 				#elif defined(USB_SERIES_2_AVR)
 297:../../LUFA-Libs/Arduino_LUFA_Bootloader/LUFA/Drivers/USB/Core/AVR8/../AVR8/Endpoint_AVR8.h **** 					return UEBCLX;
 298:../../LUFA-Libs/Arduino_LUFA_Bootloader/LUFA/Drivers/USB/Core/AVR8/../AVR8/Endpoint_AVR8.h **** 				#endif
 299:../../LUFA-Libs/Arduino_LUFA_Bootloader/LUFA/Drivers/USB/Core/AVR8/../AVR8/Endpoint_AVR8.h **** 			}
 300:../../LUFA-Libs/Arduino_LUFA_Bootloader/LUFA/Drivers/USB/Core/AVR8/../AVR8/Endpoint_AVR8.h **** 
 301:../../LUFA-Libs/Arduino_LUFA_Bootloader/LUFA/Drivers/USB/Core/AVR8/../AVR8/Endpoint_AVR8.h **** 			/** Get the endpoint address of the currently selected endpoint. This is typically used to save
 302:../../LUFA-Libs/Arduino_LUFA_Bootloader/LUFA/Drivers/USB/Core/AVR8/../AVR8/Endpoint_AVR8.h **** 			 *  the currently selected endpoint number so that it can be restored after another endpoint has
 303:../../LUFA-Libs/Arduino_LUFA_Bootloader/LUFA/Drivers/USB/Core/AVR8/../AVR8/Endpoint_AVR8.h **** 			 *  been manipulated.
 304:../../LUFA-Libs/Arduino_LUFA_Bootloader/LUFA/Drivers/USB/Core/AVR8/../AVR8/Endpoint_AVR8.h **** 			 *
 305:../../LUFA-Libs/Arduino_LUFA_Bootloader/LUFA/Drivers/USB/Core/AVR8/../AVR8/Endpoint_AVR8.h **** 			 *  \return Index of the currently selected endpoint.
 306:../../LUFA-Libs/Arduino_LUFA_Bootloader/LUFA/Drivers/USB/Core/AVR8/../AVR8/Endpoint_AVR8.h **** 			 */
 307:../../LUFA-Libs/Arduino_LUFA_Bootloader/LUFA/Drivers/USB/Core/AVR8/../AVR8/Endpoint_AVR8.h **** 			static inline uint8_t Endpoint_GetCurrentEndpoint(void) ATTR_WARN_UNUSED_RESULT ATTR_ALWAYS_INLI
 308:../../LUFA-Libs/Arduino_LUFA_Bootloader/LUFA/Drivers/USB/Core/AVR8/../AVR8/Endpoint_AVR8.h **** 			static inline uint8_t Endpoint_GetCurrentEndpoint(void)
 309:../../LUFA-Libs/Arduino_LUFA_Bootloader/LUFA/Drivers/USB/Core/AVR8/../AVR8/Endpoint_AVR8.h **** 			{
 310:../../LUFA-Libs/Arduino_LUFA_Bootloader/LUFA/Drivers/USB/Core/AVR8/../AVR8/Endpoint_AVR8.h **** 				#if !defined(CONTROL_ONLY_DEVICE)
 311:../../LUFA-Libs/Arduino_LUFA_Bootloader/LUFA/Drivers/USB/Core/AVR8/../AVR8/Endpoint_AVR8.h **** 					return (UENUM & ENDPOINT_EPNUM_MASK);
  39               		.loc 2 311 0
  40 0008 C091 E900 		lds r28,233
  41 000c C770      		andi r28,lo8(7)
  42               	.LVL0:
  43               	.LBE26:
  44               	.LBE25:
  45               	.LBB27:
  46               	.LBB28:
 312:../../LUFA-Libs/Arduino_LUFA_Bootloader/LUFA/Drivers/USB/Core/AVR8/../AVR8/Endpoint_AVR8.h **** 				#else
 313:../../LUFA-Libs/Arduino_LUFA_Bootloader/LUFA/Drivers/USB/Core/AVR8/../AVR8/Endpoint_AVR8.h **** 					return ENDPOINT_CONTROLEP;
 314:../../LUFA-Libs/Arduino_LUFA_Bootloader/LUFA/Drivers/USB/Core/AVR8/../AVR8/Endpoint_AVR8.h **** 				#endif
 315:../../LUFA-Libs/Arduino_LUFA_Bootloader/LUFA/Drivers/USB/Core/AVR8/../AVR8/Endpoint_AVR8.h **** 			}
 316:../../LUFA-Libs/Arduino_LUFA_Bootloader/LUFA/Drivers/USB/Core/AVR8/../AVR8/Endpoint_AVR8.h **** 
 317:../../LUFA-Libs/Arduino_LUFA_Bootloader/LUFA/Drivers/USB/Core/AVR8/../AVR8/Endpoint_AVR8.h **** 			/** Selects the given endpoint number. If the address from the device descriptors is used, the
 318:../../LUFA-Libs/Arduino_LUFA_Bootloader/LUFA/Drivers/USB/Core/AVR8/../AVR8/Endpoint_AVR8.h **** 			 *  value should be masked with the \ref ENDPOINT_EPNUM_MASK constant to extract only the endpoi
 319:../../LUFA-Libs/Arduino_LUFA_Bootloader/LUFA/Drivers/USB/Core/AVR8/../AVR8/Endpoint_AVR8.h **** 			 *  number (and discarding the endpoint direction bit).
 320:../../LUFA-Libs/Arduino_LUFA_Bootloader/LUFA/Drivers/USB/Core/AVR8/../AVR8/Endpoint_AVR8.h **** 			 *
 321:../../LUFA-Libs/Arduino_LUFA_Bootloader/LUFA/Drivers/USB/Core/AVR8/../AVR8/Endpoint_AVR8.h **** 			 *  Any endpoint operations which do not require the endpoint number to be indicated will operat
 322:../../LUFA-Libs/Arduino_LUFA_Bootloader/LUFA/Drivers/USB/Core/AVR8/../AVR8/Endpoint_AVR8.h **** 			 *  the currently selected endpoint.
 323:../../LUFA-Libs/Arduino_LUFA_Bootloader/LUFA/Drivers/USB/Core/AVR8/../AVR8/Endpoint_AVR8.h **** 			 *
 324:../../LUFA-Libs/Arduino_LUFA_Bootloader/LUFA/Drivers/USB/Core/AVR8/../AVR8/Endpoint_AVR8.h **** 			 *  \param[in] EndpointNumber Endpoint number to select.
 325:../../LUFA-Libs/Arduino_LUFA_Bootloader/LUFA/Drivers/USB/Core/AVR8/../AVR8/Endpoint_AVR8.h **** 			 */
 326:../../LUFA-Libs/Arduino_LUFA_Bootloader/LUFA/Drivers/USB/Core/AVR8/../AVR8/Endpoint_AVR8.h **** 			static inline void Endpoint_SelectEndpoint(const uint8_t EndpointNumber) ATTR_ALWAYS_INLINE;
 327:../../LUFA-Libs/Arduino_LUFA_Bootloader/LUFA/Drivers/USB/Core/AVR8/../AVR8/Endpoint_AVR8.h **** 			static inline void Endpoint_SelectEndpoint(const uint8_t EndpointNumber)
 328:../../LUFA-Libs/Arduino_LUFA_Bootloader/LUFA/Drivers/USB/Core/AVR8/../AVR8/Endpoint_AVR8.h **** 			{
 329:../../LUFA-Libs/Arduino_LUFA_Bootloader/LUFA/Drivers/USB/Core/AVR8/../AVR8/Endpoint_AVR8.h **** 				#if !defined(CONTROL_ONLY_DEVICE)
 330:../../LUFA-Libs/Arduino_LUFA_Bootloader/LUFA/Drivers/USB/Core/AVR8/../AVR8/Endpoint_AVR8.h **** 					UENUM = EndpointNumber;
  47               		.loc 2 330 0
  48 000e 1092 E900 		sts 233,__zero_reg__
  49               	.LBE28:
  50               	.LBE27:
  51               	.LBB29:
  52               	.LBB30:
 331:../../LUFA-Libs/Arduino_LUFA_Bootloader/LUFA/Drivers/USB/Core/AVR8/../AVR8/Endpoint_AVR8.h **** 				#endif
 332:../../LUFA-Libs/Arduino_LUFA_Bootloader/LUFA/Drivers/USB/Core/AVR8/../AVR8/Endpoint_AVR8.h **** 			}
 333:../../LUFA-Libs/Arduino_LUFA_Bootloader/LUFA/Drivers/USB/Core/AVR8/../AVR8/Endpoint_AVR8.h **** 
 334:../../LUFA-Libs/Arduino_LUFA_Bootloader/LUFA/Drivers/USB/Core/AVR8/../AVR8/Endpoint_AVR8.h **** 			/** Resets the endpoint bank FIFO. This clears all the endpoint banks and resets the USB control
 335:../../LUFA-Libs/Arduino_LUFA_Bootloader/LUFA/Drivers/USB/Core/AVR8/../AVR8/Endpoint_AVR8.h **** 			 *  data In and Out pointers to the bank's contents.
 336:../../LUFA-Libs/Arduino_LUFA_Bootloader/LUFA/Drivers/USB/Core/AVR8/../AVR8/Endpoint_AVR8.h **** 			 *
 337:../../LUFA-Libs/Arduino_LUFA_Bootloader/LUFA/Drivers/USB/Core/AVR8/../AVR8/Endpoint_AVR8.h **** 			 *  \param[in] EndpointNumber Endpoint number whose FIFO buffers are to be reset.
 338:../../LUFA-Libs/Arduino_LUFA_Bootloader/LUFA/Drivers/USB/Core/AVR8/../AVR8/Endpoint_AVR8.h **** 			 */
 339:../../LUFA-Libs/Arduino_LUFA_Bootloader/LUFA/Drivers/USB/Core/AVR8/../AVR8/Endpoint_AVR8.h **** 			static inline void Endpoint_ResetEndpoint(const uint8_t EndpointNumber) ATTR_ALWAYS_INLINE;
 340:../../LUFA-Libs/Arduino_LUFA_Bootloader/LUFA/Drivers/USB/Core/AVR8/../AVR8/Endpoint_AVR8.h **** 			static inline void Endpoint_ResetEndpoint(const uint8_t EndpointNumber)
 341:../../LUFA-Libs/Arduino_LUFA_Bootloader/LUFA/Drivers/USB/Core/AVR8/../AVR8/Endpoint_AVR8.h **** 			{
 342:../../LUFA-Libs/Arduino_LUFA_Bootloader/LUFA/Drivers/USB/Core/AVR8/../AVR8/Endpoint_AVR8.h **** 				UERST = (1 << EndpointNumber);
 343:../../LUFA-Libs/Arduino_LUFA_Bootloader/LUFA/Drivers/USB/Core/AVR8/../AVR8/Endpoint_AVR8.h **** 				UERST = 0;
 344:../../LUFA-Libs/Arduino_LUFA_Bootloader/LUFA/Drivers/USB/Core/AVR8/../AVR8/Endpoint_AVR8.h **** 			}
 345:../../LUFA-Libs/Arduino_LUFA_Bootloader/LUFA/Drivers/USB/Core/AVR8/../AVR8/Endpoint_AVR8.h **** 
 346:../../LUFA-Libs/Arduino_LUFA_Bootloader/LUFA/Drivers/USB/Core/AVR8/../AVR8/Endpoint_AVR8.h **** 			/** Enables the currently selected endpoint so that data can be sent and received through it to
 347:../../LUFA-Libs/Arduino_LUFA_Bootloader/LUFA/Drivers/USB/Core/AVR8/../AVR8/Endpoint_AVR8.h **** 			 *  and from a host.
 348:../../LUFA-Libs/Arduino_LUFA_Bootloader/LUFA/Drivers/USB/Core/AVR8/../AVR8/Endpoint_AVR8.h **** 			 *
 349:../../LUFA-Libs/Arduino_LUFA_Bootloader/LUFA/Drivers/USB/Core/AVR8/../AVR8/Endpoint_AVR8.h **** 			 *  \note Endpoints must first be configured properly via \ref Endpoint_ConfigureEndpoint().
 350:../../LUFA-Libs/Arduino_LUFA_Bootloader/LUFA/Drivers/USB/Core/AVR8/../AVR8/Endpoint_AVR8.h **** 			 */
 351:../../LUFA-Libs/Arduino_LUFA_Bootloader/LUFA/Drivers/USB/Core/AVR8/../AVR8/Endpoint_AVR8.h **** 			static inline void Endpoint_EnableEndpoint(void) ATTR_ALWAYS_INLINE;
 352:../../LUFA-Libs/Arduino_LUFA_Bootloader/LUFA/Drivers/USB/Core/AVR8/../AVR8/Endpoint_AVR8.h **** 			static inline void Endpoint_EnableEndpoint(void)
 353:../../LUFA-Libs/Arduino_LUFA_Bootloader/LUFA/Drivers/USB/Core/AVR8/../AVR8/Endpoint_AVR8.h **** 			{
 354:../../LUFA-Libs/Arduino_LUFA_Bootloader/LUFA/Drivers/USB/Core/AVR8/../AVR8/Endpoint_AVR8.h **** 				UECONX |= (1 << EPEN);
 355:../../LUFA-Libs/Arduino_LUFA_Bootloader/LUFA/Drivers/USB/Core/AVR8/../AVR8/Endpoint_AVR8.h **** 			}
 356:../../LUFA-Libs/Arduino_LUFA_Bootloader/LUFA/Drivers/USB/Core/AVR8/../AVR8/Endpoint_AVR8.h **** 
 357:../../LUFA-Libs/Arduino_LUFA_Bootloader/LUFA/Drivers/USB/Core/AVR8/../AVR8/Endpoint_AVR8.h **** 			/** Disables the currently selected endpoint so that data cannot be sent and received through it
 358:../../LUFA-Libs/Arduino_LUFA_Bootloader/LUFA/Drivers/USB/Core/AVR8/../AVR8/Endpoint_AVR8.h **** 			 *  to and from a host.
 359:../../LUFA-Libs/Arduino_LUFA_Bootloader/LUFA/Drivers/USB/Core/AVR8/../AVR8/Endpoint_AVR8.h **** 			 */
 360:../../LUFA-Libs/Arduino_LUFA_Bootloader/LUFA/Drivers/USB/Core/AVR8/../AVR8/Endpoint_AVR8.h **** 			static inline void Endpoint_DisableEndpoint(void) ATTR_ALWAYS_INLINE;
 361:../../LUFA-Libs/Arduino_LUFA_Bootloader/LUFA/Drivers/USB/Core/AVR8/../AVR8/Endpoint_AVR8.h **** 			static inline void Endpoint_DisableEndpoint(void)
 362:../../LUFA-Libs/Arduino_LUFA_Bootloader/LUFA/Drivers/USB/Core/AVR8/../AVR8/Endpoint_AVR8.h **** 			{
 363:../../LUFA-Libs/Arduino_LUFA_Bootloader/LUFA/Drivers/USB/Core/AVR8/../AVR8/Endpoint_AVR8.h **** 				UECONX &= ~(1 << EPEN);
 364:../../LUFA-Libs/Arduino_LUFA_Bootloader/LUFA/Drivers/USB/Core/AVR8/../AVR8/Endpoint_AVR8.h **** 			}
 365:../../LUFA-Libs/Arduino_LUFA_Bootloader/LUFA/Drivers/USB/Core/AVR8/../AVR8/Endpoint_AVR8.h **** 
 366:../../LUFA-Libs/Arduino_LUFA_Bootloader/LUFA/Drivers/USB/Core/AVR8/../AVR8/Endpoint_AVR8.h **** 			/** Determines if the currently selected endpoint is enabled, but not necessarily configured.
 367:../../LUFA-Libs/Arduino_LUFA_Bootloader/LUFA/Drivers/USB/Core/AVR8/../AVR8/Endpoint_AVR8.h **** 			 *
 368:../../LUFA-Libs/Arduino_LUFA_Bootloader/LUFA/Drivers/USB/Core/AVR8/../AVR8/Endpoint_AVR8.h **** 			 * \return Boolean \c true if the currently selected endpoint is enabled, \c false otherwise.
 369:../../LUFA-Libs/Arduino_LUFA_Bootloader/LUFA/Drivers/USB/Core/AVR8/../AVR8/Endpoint_AVR8.h **** 			 */
 370:../../LUFA-Libs/Arduino_LUFA_Bootloader/LUFA/Drivers/USB/Core/AVR8/../AVR8/Endpoint_AVR8.h **** 			static inline bool Endpoint_IsEnabled(void) ATTR_WARN_UNUSED_RESULT ATTR_ALWAYS_INLINE;
 371:../../LUFA-Libs/Arduino_LUFA_Bootloader/LUFA/Drivers/USB/Core/AVR8/../AVR8/Endpoint_AVR8.h **** 			static inline bool Endpoint_IsEnabled(void)
 372:../../LUFA-Libs/Arduino_LUFA_Bootloader/LUFA/Drivers/USB/Core/AVR8/../AVR8/Endpoint_AVR8.h **** 			{
 373:../../LUFA-Libs/Arduino_LUFA_Bootloader/LUFA/Drivers/USB/Core/AVR8/../AVR8/Endpoint_AVR8.h **** 				return ((UECONX & (1 << EPEN)) ? true : false);
 374:../../LUFA-Libs/Arduino_LUFA_Bootloader/LUFA/Drivers/USB/Core/AVR8/../AVR8/Endpoint_AVR8.h **** 			}
 375:../../LUFA-Libs/Arduino_LUFA_Bootloader/LUFA/Drivers/USB/Core/AVR8/../AVR8/Endpoint_AVR8.h **** 
 376:../../LUFA-Libs/Arduino_LUFA_Bootloader/LUFA/Drivers/USB/Core/AVR8/../AVR8/Endpoint_AVR8.h **** 			/** Retrieves the number of busy banks in the currently selected endpoint, which have been queue
 377:../../LUFA-Libs/Arduino_LUFA_Bootloader/LUFA/Drivers/USB/Core/AVR8/../AVR8/Endpoint_AVR8.h **** 			 *  transmission via the \ref Endpoint_ClearIN() command, or are awaiting acknowledgement via th
 378:../../LUFA-Libs/Arduino_LUFA_Bootloader/LUFA/Drivers/USB/Core/AVR8/../AVR8/Endpoint_AVR8.h **** 			 *  \ref Endpoint_ClearOUT() command.
 379:../../LUFA-Libs/Arduino_LUFA_Bootloader/LUFA/Drivers/USB/Core/AVR8/../AVR8/Endpoint_AVR8.h **** 			 *
 380:../../LUFA-Libs/Arduino_LUFA_Bootloader/LUFA/Drivers/USB/Core/AVR8/../AVR8/Endpoint_AVR8.h **** 			 *  \ingroup Group_EndpointPacketManagement_AVR8
 381:../../LUFA-Libs/Arduino_LUFA_Bootloader/LUFA/Drivers/USB/Core/AVR8/../AVR8/Endpoint_AVR8.h **** 			 *
 382:../../LUFA-Libs/Arduino_LUFA_Bootloader/LUFA/Drivers/USB/Core/AVR8/../AVR8/Endpoint_AVR8.h **** 			 *  \return Total number of busy banks in the selected endpoint.
 383:../../LUFA-Libs/Arduino_LUFA_Bootloader/LUFA/Drivers/USB/Core/AVR8/../AVR8/Endpoint_AVR8.h **** 			 */
 384:../../LUFA-Libs/Arduino_LUFA_Bootloader/LUFA/Drivers/USB/Core/AVR8/../AVR8/Endpoint_AVR8.h **** 			static inline uint8_t Endpoint_GetBusyBanks(void) ATTR_ALWAYS_INLINE ATTR_WARN_UNUSED_RESULT;
 385:../../LUFA-Libs/Arduino_LUFA_Bootloader/LUFA/Drivers/USB/Core/AVR8/../AVR8/Endpoint_AVR8.h **** 			static inline uint8_t Endpoint_GetBusyBanks(void)
 386:../../LUFA-Libs/Arduino_LUFA_Bootloader/LUFA/Drivers/USB/Core/AVR8/../AVR8/Endpoint_AVR8.h **** 			{
 387:../../LUFA-Libs/Arduino_LUFA_Bootloader/LUFA/Drivers/USB/Core/AVR8/../AVR8/Endpoint_AVR8.h **** 				return (UESTA0X & (0x03 << NBUSYBK0));
 388:../../LUFA-Libs/Arduino_LUFA_Bootloader/LUFA/Drivers/USB/Core/AVR8/../AVR8/Endpoint_AVR8.h **** 			}
 389:../../LUFA-Libs/Arduino_LUFA_Bootloader/LUFA/Drivers/USB/Core/AVR8/../AVR8/Endpoint_AVR8.h **** 
 390:../../LUFA-Libs/Arduino_LUFA_Bootloader/LUFA/Drivers/USB/Core/AVR8/../AVR8/Endpoint_AVR8.h **** 			/** Aborts all pending IN transactions on the currently selected endpoint, once the bank
 391:../../LUFA-Libs/Arduino_LUFA_Bootloader/LUFA/Drivers/USB/Core/AVR8/../AVR8/Endpoint_AVR8.h **** 			 *  has been queued for transmission to the host via \ref Endpoint_ClearIN(). This function
 392:../../LUFA-Libs/Arduino_LUFA_Bootloader/LUFA/Drivers/USB/Core/AVR8/../AVR8/Endpoint_AVR8.h **** 			 *  will terminate all queued transactions, resetting the endpoint banks ready for a new
 393:../../LUFA-Libs/Arduino_LUFA_Bootloader/LUFA/Drivers/USB/Core/AVR8/../AVR8/Endpoint_AVR8.h **** 			 *  packet.
 394:../../LUFA-Libs/Arduino_LUFA_Bootloader/LUFA/Drivers/USB/Core/AVR8/../AVR8/Endpoint_AVR8.h **** 			 *
 395:../../LUFA-Libs/Arduino_LUFA_Bootloader/LUFA/Drivers/USB/Core/AVR8/../AVR8/Endpoint_AVR8.h **** 			 *  \ingroup Group_EndpointPacketManagement_AVR8
 396:../../LUFA-Libs/Arduino_LUFA_Bootloader/LUFA/Drivers/USB/Core/AVR8/../AVR8/Endpoint_AVR8.h **** 			 */
 397:../../LUFA-Libs/Arduino_LUFA_Bootloader/LUFA/Drivers/USB/Core/AVR8/../AVR8/Endpoint_AVR8.h **** 			static inline void Endpoint_AbortPendingIN(void)
 398:../../LUFA-Libs/Arduino_LUFA_Bootloader/LUFA/Drivers/USB/Core/AVR8/../AVR8/Endpoint_AVR8.h **** 			{
 399:../../LUFA-Libs/Arduino_LUFA_Bootloader/LUFA/Drivers/USB/Core/AVR8/../AVR8/Endpoint_AVR8.h **** 				while (Endpoint_GetBusyBanks() != 0)
 400:../../LUFA-Libs/Arduino_LUFA_Bootloader/LUFA/Drivers/USB/Core/AVR8/../AVR8/Endpoint_AVR8.h **** 				{
 401:../../LUFA-Libs/Arduino_LUFA_Bootloader/LUFA/Drivers/USB/Core/AVR8/../AVR8/Endpoint_AVR8.h **** 					UEINTX |= (1 << RXOUTI);
 402:../../LUFA-Libs/Arduino_LUFA_Bootloader/LUFA/Drivers/USB/Core/AVR8/../AVR8/Endpoint_AVR8.h **** 					while (UEINTX & (1 << RXOUTI));
 403:../../LUFA-Libs/Arduino_LUFA_Bootloader/LUFA/Drivers/USB/Core/AVR8/../AVR8/Endpoint_AVR8.h **** 				}
 404:../../LUFA-Libs/Arduino_LUFA_Bootloader/LUFA/Drivers/USB/Core/AVR8/../AVR8/Endpoint_AVR8.h **** 			}
 405:../../LUFA-Libs/Arduino_LUFA_Bootloader/LUFA/Drivers/USB/Core/AVR8/../AVR8/Endpoint_AVR8.h **** 
 406:../../LUFA-Libs/Arduino_LUFA_Bootloader/LUFA/Drivers/USB/Core/AVR8/../AVR8/Endpoint_AVR8.h **** 			/** Determines if the currently selected endpoint may be read from (if data is waiting in the en
 407:../../LUFA-Libs/Arduino_LUFA_Bootloader/LUFA/Drivers/USB/Core/AVR8/../AVR8/Endpoint_AVR8.h **** 			 *  bank and the endpoint is an OUT direction, or if the bank is not yet full if the endpoint is
 408:../../LUFA-Libs/Arduino_LUFA_Bootloader/LUFA/Drivers/USB/Core/AVR8/../AVR8/Endpoint_AVR8.h **** 			 *  direction). This function will return false if an error has occurred in the endpoint, if the
 409:../../LUFA-Libs/Arduino_LUFA_Bootloader/LUFA/Drivers/USB/Core/AVR8/../AVR8/Endpoint_AVR8.h **** 			 *  is an OUT direction and no packet (or an empty packet) has been received, or if the endpoint
 410:../../LUFA-Libs/Arduino_LUFA_Bootloader/LUFA/Drivers/USB/Core/AVR8/../AVR8/Endpoint_AVR8.h **** 			 *  direction and the endpoint bank is full.
 411:../../LUFA-Libs/Arduino_LUFA_Bootloader/LUFA/Drivers/USB/Core/AVR8/../AVR8/Endpoint_AVR8.h **** 			 *
 412:../../LUFA-Libs/Arduino_LUFA_Bootloader/LUFA/Drivers/USB/Core/AVR8/../AVR8/Endpoint_AVR8.h **** 			 *  \ingroup Group_EndpointPacketManagement_AVR8
 413:../../LUFA-Libs/Arduino_LUFA_Bootloader/LUFA/Drivers/USB/Core/AVR8/../AVR8/Endpoint_AVR8.h **** 			 *
 414:../../LUFA-Libs/Arduino_LUFA_Bootloader/LUFA/Drivers/USB/Core/AVR8/../AVR8/Endpoint_AVR8.h **** 			 *  \return Boolean \c true if the currently selected endpoint may be read from or written to, d
 415:../../LUFA-Libs/Arduino_LUFA_Bootloader/LUFA/Drivers/USB/Core/AVR8/../AVR8/Endpoint_AVR8.h **** 			 *          on its direction.
 416:../../LUFA-Libs/Arduino_LUFA_Bootloader/LUFA/Drivers/USB/Core/AVR8/../AVR8/Endpoint_AVR8.h **** 			 */
 417:../../LUFA-Libs/Arduino_LUFA_Bootloader/LUFA/Drivers/USB/Core/AVR8/../AVR8/Endpoint_AVR8.h **** 			static inline bool Endpoint_IsReadWriteAllowed(void) ATTR_WARN_UNUSED_RESULT ATTR_ALWAYS_INLINE;
 418:../../LUFA-Libs/Arduino_LUFA_Bootloader/LUFA/Drivers/USB/Core/AVR8/../AVR8/Endpoint_AVR8.h **** 			static inline bool Endpoint_IsReadWriteAllowed(void)
 419:../../LUFA-Libs/Arduino_LUFA_Bootloader/LUFA/Drivers/USB/Core/AVR8/../AVR8/Endpoint_AVR8.h **** 			{
 420:../../LUFA-Libs/Arduino_LUFA_Bootloader/LUFA/Drivers/USB/Core/AVR8/../AVR8/Endpoint_AVR8.h **** 				return ((UEINTX & (1 << RWAL)) ? true : false);
 421:../../LUFA-Libs/Arduino_LUFA_Bootloader/LUFA/Drivers/USB/Core/AVR8/../AVR8/Endpoint_AVR8.h **** 			}
 422:../../LUFA-Libs/Arduino_LUFA_Bootloader/LUFA/Drivers/USB/Core/AVR8/../AVR8/Endpoint_AVR8.h **** 
 423:../../LUFA-Libs/Arduino_LUFA_Bootloader/LUFA/Drivers/USB/Core/AVR8/../AVR8/Endpoint_AVR8.h **** 			/** Determines if the currently selected endpoint is configured.
 424:../../LUFA-Libs/Arduino_LUFA_Bootloader/LUFA/Drivers/USB/Core/AVR8/../AVR8/Endpoint_AVR8.h **** 			 *
 425:../../LUFA-Libs/Arduino_LUFA_Bootloader/LUFA/Drivers/USB/Core/AVR8/../AVR8/Endpoint_AVR8.h **** 			 *  \return Boolean \c true if the currently selected endpoint has been configured, \c false oth
 426:../../LUFA-Libs/Arduino_LUFA_Bootloader/LUFA/Drivers/USB/Core/AVR8/../AVR8/Endpoint_AVR8.h **** 			 */
 427:../../LUFA-Libs/Arduino_LUFA_Bootloader/LUFA/Drivers/USB/Core/AVR8/../AVR8/Endpoint_AVR8.h **** 			static inline bool Endpoint_IsConfigured(void) ATTR_WARN_UNUSED_RESULT ATTR_ALWAYS_INLINE;
 428:../../LUFA-Libs/Arduino_LUFA_Bootloader/LUFA/Drivers/USB/Core/AVR8/../AVR8/Endpoint_AVR8.h **** 			static inline bool Endpoint_IsConfigured(void)
 429:../../LUFA-Libs/Arduino_LUFA_Bootloader/LUFA/Drivers/USB/Core/AVR8/../AVR8/Endpoint_AVR8.h **** 			{
 430:../../LUFA-Libs/Arduino_LUFA_Bootloader/LUFA/Drivers/USB/Core/AVR8/../AVR8/Endpoint_AVR8.h **** 				return ((UESTA0X & (1 << CFGOK)) ? true : false);
 431:../../LUFA-Libs/Arduino_LUFA_Bootloader/LUFA/Drivers/USB/Core/AVR8/../AVR8/Endpoint_AVR8.h **** 			}
 432:../../LUFA-Libs/Arduino_LUFA_Bootloader/LUFA/Drivers/USB/Core/AVR8/../AVR8/Endpoint_AVR8.h **** 
 433:../../LUFA-Libs/Arduino_LUFA_Bootloader/LUFA/Drivers/USB/Core/AVR8/../AVR8/Endpoint_AVR8.h **** 			/** Returns a mask indicating which INTERRUPT type endpoints have interrupted - i.e. their
 434:../../LUFA-Libs/Arduino_LUFA_Bootloader/LUFA/Drivers/USB/Core/AVR8/../AVR8/Endpoint_AVR8.h **** 			 *  interrupt duration has elapsed. Which endpoints have interrupted can be determined by
 435:../../LUFA-Libs/Arduino_LUFA_Bootloader/LUFA/Drivers/USB/Core/AVR8/../AVR8/Endpoint_AVR8.h **** 			 *  masking the return value against <tt>(1 << <i>{Endpoint Number}</i>)</tt>.
 436:../../LUFA-Libs/Arduino_LUFA_Bootloader/LUFA/Drivers/USB/Core/AVR8/../AVR8/Endpoint_AVR8.h **** 			 *
 437:../../LUFA-Libs/Arduino_LUFA_Bootloader/LUFA/Drivers/USB/Core/AVR8/../AVR8/Endpoint_AVR8.h **** 			 *  \return Mask whose bits indicate which endpoints have interrupted.
 438:../../LUFA-Libs/Arduino_LUFA_Bootloader/LUFA/Drivers/USB/Core/AVR8/../AVR8/Endpoint_AVR8.h **** 			 */
 439:../../LUFA-Libs/Arduino_LUFA_Bootloader/LUFA/Drivers/USB/Core/AVR8/../AVR8/Endpoint_AVR8.h **** 			static inline uint8_t Endpoint_GetEndpointInterrupts(void) ATTR_WARN_UNUSED_RESULT ATTR_ALWAYS_I
 440:../../LUFA-Libs/Arduino_LUFA_Bootloader/LUFA/Drivers/USB/Core/AVR8/../AVR8/Endpoint_AVR8.h **** 			static inline uint8_t Endpoint_GetEndpointInterrupts(void)
 441:../../LUFA-Libs/Arduino_LUFA_Bootloader/LUFA/Drivers/USB/Core/AVR8/../AVR8/Endpoint_AVR8.h **** 			{
 442:../../LUFA-Libs/Arduino_LUFA_Bootloader/LUFA/Drivers/USB/Core/AVR8/../AVR8/Endpoint_AVR8.h **** 				return UEINT;
 443:../../LUFA-Libs/Arduino_LUFA_Bootloader/LUFA/Drivers/USB/Core/AVR8/../AVR8/Endpoint_AVR8.h **** 			}
 444:../../LUFA-Libs/Arduino_LUFA_Bootloader/LUFA/Drivers/USB/Core/AVR8/../AVR8/Endpoint_AVR8.h **** 
 445:../../LUFA-Libs/Arduino_LUFA_Bootloader/LUFA/Drivers/USB/Core/AVR8/../AVR8/Endpoint_AVR8.h **** 			/** Determines if the specified endpoint number has interrupted (valid only for INTERRUPT type
 446:../../LUFA-Libs/Arduino_LUFA_Bootloader/LUFA/Drivers/USB/Core/AVR8/../AVR8/Endpoint_AVR8.h **** 			 *  endpoints).
 447:../../LUFA-Libs/Arduino_LUFA_Bootloader/LUFA/Drivers/USB/Core/AVR8/../AVR8/Endpoint_AVR8.h **** 			 *
 448:../../LUFA-Libs/Arduino_LUFA_Bootloader/LUFA/Drivers/USB/Core/AVR8/../AVR8/Endpoint_AVR8.h **** 			 *  \param[in] EndpointNumber  Index of the endpoint whose interrupt flag should be tested.
 449:../../LUFA-Libs/Arduino_LUFA_Bootloader/LUFA/Drivers/USB/Core/AVR8/../AVR8/Endpoint_AVR8.h **** 			 *
 450:../../LUFA-Libs/Arduino_LUFA_Bootloader/LUFA/Drivers/USB/Core/AVR8/../AVR8/Endpoint_AVR8.h **** 			 *  \return Boolean \c true if the specified endpoint has interrupted, \c false otherwise.
 451:../../LUFA-Libs/Arduino_LUFA_Bootloader/LUFA/Drivers/USB/Core/AVR8/../AVR8/Endpoint_AVR8.h **** 			 */
 452:../../LUFA-Libs/Arduino_LUFA_Bootloader/LUFA/Drivers/USB/Core/AVR8/../AVR8/Endpoint_AVR8.h **** 			static inline bool Endpoint_HasEndpointInterrupted(const uint8_t EndpointNumber) ATTR_WARN_UNUSE
 453:../../LUFA-Libs/Arduino_LUFA_Bootloader/LUFA/Drivers/USB/Core/AVR8/../AVR8/Endpoint_AVR8.h **** 			static inline bool Endpoint_HasEndpointInterrupted(const uint8_t EndpointNumber)
 454:../../LUFA-Libs/Arduino_LUFA_Bootloader/LUFA/Drivers/USB/Core/AVR8/../AVR8/Endpoint_AVR8.h **** 			{
 455:../../LUFA-Libs/Arduino_LUFA_Bootloader/LUFA/Drivers/USB/Core/AVR8/../AVR8/Endpoint_AVR8.h **** 				return ((Endpoint_GetEndpointInterrupts() & (1 << EndpointNumber)) ? true : false);
 456:../../LUFA-Libs/Arduino_LUFA_Bootloader/LUFA/Drivers/USB/Core/AVR8/../AVR8/Endpoint_AVR8.h **** 			}
 457:../../LUFA-Libs/Arduino_LUFA_Bootloader/LUFA/Drivers/USB/Core/AVR8/../AVR8/Endpoint_AVR8.h **** 
 458:../../LUFA-Libs/Arduino_LUFA_Bootloader/LUFA/Drivers/USB/Core/AVR8/../AVR8/Endpoint_AVR8.h **** 			/** Determines if the selected IN endpoint is ready for a new packet to be sent to the host.
 459:../../LUFA-Libs/Arduino_LUFA_Bootloader/LUFA/Drivers/USB/Core/AVR8/../AVR8/Endpoint_AVR8.h **** 			 *
 460:../../LUFA-Libs/Arduino_LUFA_Bootloader/LUFA/Drivers/USB/Core/AVR8/../AVR8/Endpoint_AVR8.h **** 			 *  \ingroup Group_EndpointPacketManagement_AVR8
 461:../../LUFA-Libs/Arduino_LUFA_Bootloader/LUFA/Drivers/USB/Core/AVR8/../AVR8/Endpoint_AVR8.h **** 			 *
 462:../../LUFA-Libs/Arduino_LUFA_Bootloader/LUFA/Drivers/USB/Core/AVR8/../AVR8/Endpoint_AVR8.h **** 			 *  \return Boolean \c true if the current endpoint is ready for an IN packet, \c false otherwis
 463:../../LUFA-Libs/Arduino_LUFA_Bootloader/LUFA/Drivers/USB/Core/AVR8/../AVR8/Endpoint_AVR8.h **** 			 */
 464:../../LUFA-Libs/Arduino_LUFA_Bootloader/LUFA/Drivers/USB/Core/AVR8/../AVR8/Endpoint_AVR8.h **** 			static inline bool Endpoint_IsINReady(void) ATTR_WARN_UNUSED_RESULT ATTR_ALWAYS_INLINE;
 465:../../LUFA-Libs/Arduino_LUFA_Bootloader/LUFA/Drivers/USB/Core/AVR8/../AVR8/Endpoint_AVR8.h **** 			static inline bool Endpoint_IsINReady(void)
 466:../../LUFA-Libs/Arduino_LUFA_Bootloader/LUFA/Drivers/USB/Core/AVR8/../AVR8/Endpoint_AVR8.h **** 			{
 467:../../LUFA-Libs/Arduino_LUFA_Bootloader/LUFA/Drivers/USB/Core/AVR8/../AVR8/Endpoint_AVR8.h **** 				return ((UEINTX & (1 << TXINI)) ? true : false);
 468:../../LUFA-Libs/Arduino_LUFA_Bootloader/LUFA/Drivers/USB/Core/AVR8/../AVR8/Endpoint_AVR8.h **** 			}
 469:../../LUFA-Libs/Arduino_LUFA_Bootloader/LUFA/Drivers/USB/Core/AVR8/../AVR8/Endpoint_AVR8.h **** 
 470:../../LUFA-Libs/Arduino_LUFA_Bootloader/LUFA/Drivers/USB/Core/AVR8/../AVR8/Endpoint_AVR8.h **** 			/** Determines if the selected OUT endpoint has received new packet from the host.
 471:../../LUFA-Libs/Arduino_LUFA_Bootloader/LUFA/Drivers/USB/Core/AVR8/../AVR8/Endpoint_AVR8.h **** 			 *
 472:../../LUFA-Libs/Arduino_LUFA_Bootloader/LUFA/Drivers/USB/Core/AVR8/../AVR8/Endpoint_AVR8.h **** 			 *  \ingroup Group_EndpointPacketManagement_AVR8
 473:../../LUFA-Libs/Arduino_LUFA_Bootloader/LUFA/Drivers/USB/Core/AVR8/../AVR8/Endpoint_AVR8.h **** 			 *
 474:../../LUFA-Libs/Arduino_LUFA_Bootloader/LUFA/Drivers/USB/Core/AVR8/../AVR8/Endpoint_AVR8.h **** 			 *  \return Boolean \c true if current endpoint is has received an OUT packet, \c false otherwis
 475:../../LUFA-Libs/Arduino_LUFA_Bootloader/LUFA/Drivers/USB/Core/AVR8/../AVR8/Endpoint_AVR8.h **** 			 */
 476:../../LUFA-Libs/Arduino_LUFA_Bootloader/LUFA/Drivers/USB/Core/AVR8/../AVR8/Endpoint_AVR8.h **** 			static inline bool Endpoint_IsOUTReceived(void) ATTR_WARN_UNUSED_RESULT ATTR_ALWAYS_INLINE;
 477:../../LUFA-Libs/Arduino_LUFA_Bootloader/LUFA/Drivers/USB/Core/AVR8/../AVR8/Endpoint_AVR8.h **** 			static inline bool Endpoint_IsOUTReceived(void)
 478:../../LUFA-Libs/Arduino_LUFA_Bootloader/LUFA/Drivers/USB/Core/AVR8/../AVR8/Endpoint_AVR8.h **** 			{
 479:../../LUFA-Libs/Arduino_LUFA_Bootloader/LUFA/Drivers/USB/Core/AVR8/../AVR8/Endpoint_AVR8.h **** 				return ((UEINTX & (1 << RXOUTI)) ? true : false);
 480:../../LUFA-Libs/Arduino_LUFA_Bootloader/LUFA/Drivers/USB/Core/AVR8/../AVR8/Endpoint_AVR8.h **** 			}
 481:../../LUFA-Libs/Arduino_LUFA_Bootloader/LUFA/Drivers/USB/Core/AVR8/../AVR8/Endpoint_AVR8.h **** 
 482:../../LUFA-Libs/Arduino_LUFA_Bootloader/LUFA/Drivers/USB/Core/AVR8/../AVR8/Endpoint_AVR8.h **** 			/** Determines if the current CONTROL type endpoint has received a SETUP packet.
 483:../../LUFA-Libs/Arduino_LUFA_Bootloader/LUFA/Drivers/USB/Core/AVR8/../AVR8/Endpoint_AVR8.h **** 			 *
 484:../../LUFA-Libs/Arduino_LUFA_Bootloader/LUFA/Drivers/USB/Core/AVR8/../AVR8/Endpoint_AVR8.h **** 			 *  \ingroup Group_EndpointPacketManagement_AVR8
 485:../../LUFA-Libs/Arduino_LUFA_Bootloader/LUFA/Drivers/USB/Core/AVR8/../AVR8/Endpoint_AVR8.h **** 			 *
 486:../../LUFA-Libs/Arduino_LUFA_Bootloader/LUFA/Drivers/USB/Core/AVR8/../AVR8/Endpoint_AVR8.h **** 			 *  \return Boolean \c true if the selected endpoint has received a SETUP packet, \c false other
 487:../../LUFA-Libs/Arduino_LUFA_Bootloader/LUFA/Drivers/USB/Core/AVR8/../AVR8/Endpoint_AVR8.h **** 			 */
 488:../../LUFA-Libs/Arduino_LUFA_Bootloader/LUFA/Drivers/USB/Core/AVR8/../AVR8/Endpoint_AVR8.h **** 			static inline bool Endpoint_IsSETUPReceived(void) ATTR_WARN_UNUSED_RESULT ATTR_ALWAYS_INLINE;
 489:../../LUFA-Libs/Arduino_LUFA_Bootloader/LUFA/Drivers/USB/Core/AVR8/../AVR8/Endpoint_AVR8.h **** 			static inline bool Endpoint_IsSETUPReceived(void)
 490:../../LUFA-Libs/Arduino_LUFA_Bootloader/LUFA/Drivers/USB/Core/AVR8/../AVR8/Endpoint_AVR8.h **** 			{
 491:../../LUFA-Libs/Arduino_LUFA_Bootloader/LUFA/Drivers/USB/Core/AVR8/../AVR8/Endpoint_AVR8.h **** 				return ((UEINTX & (1 << RXSTPI)) ? true : false);
  53               		.loc 2 491 0
  54 0012 8091 E800 		lds r24,232
  55               	.LBE30:
  56               	.LBE29:
  64:../../LUFA-Libs/Arduino_LUFA_Bootloader/LUFA/Drivers/USB/Core/USBTask.c **** 	{
  65:../../LUFA-Libs/Arduino_LUFA_Bootloader/LUFA/Drivers/USB/Core/USBTask.c **** 		uint8_t PrevEndpoint = Endpoint_GetCurrentEndpoint();
  66:../../LUFA-Libs/Arduino_LUFA_Bootloader/LUFA/Drivers/USB/Core/USBTask.c **** 
  67:../../LUFA-Libs/Arduino_LUFA_Bootloader/LUFA/Drivers/USB/Core/USBTask.c **** 		Endpoint_SelectEndpoint(ENDPOINT_CONTROLEP);
  68:../../LUFA-Libs/Arduino_LUFA_Bootloader/LUFA/Drivers/USB/Core/USBTask.c **** 
  69:../../LUFA-Libs/Arduino_LUFA_Bootloader/LUFA/Drivers/USB/Core/USBTask.c **** 		if (Endpoint_IsSETUPReceived())
  57               		.loc 1 69 0
  58 0016 83FF      		sbrs r24,3
  59 0018 00C0      		rjmp .L3
  70:../../LUFA-Libs/Arduino_LUFA_Bootloader/LUFA/Drivers/USB/Core/USBTask.c **** 		  USB_Device_ProcessControlRequest();
  60               		.loc 1 70 0
  61 001a 0E94 0000 		call USB_Device_ProcessControlRequest
  62               	.L3:
  63               	.LVL1:
  64               	.LBB31:
  65               	.LBB32:
 330:../../LUFA-Libs/Arduino_LUFA_Bootloader/LUFA/Drivers/USB/Core/AVR8/../AVR8/Endpoint_AVR8.h **** 					UENUM = EndpointNumber;
  66               		.loc 2 330 0
  67 001e C093 E900 		sts 233,r28
  68               	.LVL2:
  69               	.L1:
  70               	/* epilogue start */
  71               	.LBE32:
  72               	.LBE31:
  73               	.LBE24:
  74               	.LBE23:
  75               	.LBE22:
  58:../../LUFA-Libs/Arduino_LUFA_Bootloader/LUFA/Drivers/USB/Core/USBTask.c **** }
  76               		.loc 1 58 0
  77 0022 CF91      		pop r28
  78 0024 0895      		ret
  79               		.cfi_endproc
  80               	.LFE81:
  82               		.comm USB_ControlRequest,8,1
  83               		.comm USB_IsInitialized,1,1
  84               		.text
  85               	.Letext0:
  86               		.file 3 "c:\\program files (x86)\\atmel\\atmel studio 6.0\\extensions\\atmel\\avrgcc\\3.4.0.65\\av
  87               		.file 4 "../../LUFA-Libs/Arduino_LUFA_Bootloader/LUFA/Drivers/USB/Core/AVR8/../StdRequestType.h"
  88               		.file 5 "../../LUFA-Libs/Arduino_LUFA_Bootloader/LUFA/Drivers/USB/Core/AVR8/../Device.h"
DEFINED SYMBOLS
                            *ABS*:00000000 USBTask.c
C:\Users\Brian\AppData\Local\Temp\ccADCaNW.s:2      *ABS*:0000003f __SREG__
C:\Users\Brian\AppData\Local\Temp\ccADCaNW.s:3      *ABS*:0000003e __SP_H__
C:\Users\Brian\AppData\Local\Temp\ccADCaNW.s:4      *ABS*:0000003d __SP_L__
C:\Users\Brian\AppData\Local\Temp\ccADCaNW.s:5      *ABS*:00000034 __CCP__
C:\Users\Brian\AppData\Local\Temp\ccADCaNW.s:6      *ABS*:00000000 __tmp_reg__
C:\Users\Brian\AppData\Local\Temp\ccADCaNW.s:7      *ABS*:00000001 __zero_reg__
C:\Users\Brian\AppData\Local\Temp\ccADCaNW.s:16     .text.USB_USBTask:00000000 USB_USBTask
                            *COM*:00000008 USB_ControlRequest
                            *COM*:00000001 USB_IsInitialized

UNDEFINED SYMBOLS
__do_copy_data
__do_clear_bss
USB_Device_ProcessControlRequest
